This is pdfTeX, Version 3.1415926-2.4-1.40.13 (TeX Live 2012/Debian) (format=pdflatex 2012.6.11)  14 JUN 2012 18:36
entering extended mode
 restricted \write18 enabled.
 %&-line parsing enabled.
**actl_ltl.tex
(./actl_ltl.tex
LaTeX2e <2011/06/27>
Babel <v3.8m> and hyphenation patterns for english, dumylang, nohyphenation, lo
aded.
! Undefined control sequence.
l.1 \Aufgabe
            [ACTL \& LTL\hfill\textbf{(2 Points)}]
The control sequence at the end of the top line
of your error message was never \def'ed. If you have
misspelled it (e.g., `\hobx'), type `I' and the correct
spelling (e.g., `I\hbox'). Otherwise just continue,
and I'll forget about whatever was undefined.


! LaTeX Error: Missing \begin{document}.

See the LaTeX manual or LaTeX Companion for explanation.
Type  H <return>  for immediate help.
 ...                                              
                                                  
l.1 \Aufgabe[
             ACTL \& LTL\hfill\textbf{(2 Points)}]
You're in trouble here.  Try typing  <return>  to proceed.
If that doesn't work, type  X <return>  to quit.

Missing character: There is no [ in font nullfont!
Missing character: There is no A in font nullfont!
Missing character: There is no C in font nullfont!
Missing character: There is no T in font nullfont!
Missing character: There is no L in font nullfont!
Missing character: There is no & in font nullfont!
Missing character: There is no L in font nullfont!
Missing character: There is no T in font nullfont!
Missing character: There is no L in font nullfont!
Missing character: There is no ] in font nullfont!
Missing character: There is no G in font nullfont!
Missing character: There is no i in font nullfont!
Missing character: There is no v in font nullfont!
Missing character: There is no e in font nullfont!
Missing character: There is no n in font nullfont!
Missing character: There is no a in font nullfont!
Missing character: There is no n in font nullfont!
Missing character: There is no L in font nullfont!
Missing character: There is no T in font nullfont!
Missing character: There is no L in font nullfont!
Missing character: There is no f in font nullfont!
Missing character: There is no o in font nullfont!
Missing character: There is no r in font nullfont!
Missing character: There is no m in font nullfont!
Missing character: There is no u in font nullfont!
Missing character: There is no l in font nullfont!
Missing character: There is no a in font nullfont!
LaTeX Font Info:    External font `cmex10' loaded for size
(Font)              <7> on input line 9.
LaTeX Font Info:    External font `cmex10' loaded for size
(Font)              <5> on input line 9.
Missing character: There is no i in font nullfont!
Missing character: There is no n in font nullfont!
Missing character: There is no N in font nullfont!
Missing character: There is no e in font nullfont!
Missing character: There is no g in font nullfont!
Missing character: There is no a in font nullfont!
Missing character: There is no t in font nullfont!
Missing character: There is no i in font nullfont!
Missing character: There is no o in font nullfont!
Missing character: There is no n in font nullfont!
Missing character: There is no N in font nullfont!
Missing character: There is no o in font nullfont!
Missing character: There is no r in font nullfont!
Missing character: There is no m in font nullfont!
Missing character: There is no a in font nullfont!
Missing character: There is no l in font nullfont!
Missing character: There is no F in font nullfont!
Missing character: There is no o in font nullfont!
Missing character: There is no r in font nullfont!
Missing character: There is no m in font nullfont!
Missing character: There is no , in font nullfont!
Missing character: There is no t in font nullfont!
Missing character: There is no h in font nullfont!
Missing character: There is no e in font nullfont!
Missing character: There is no f in font nullfont!
Missing character: There is no o in font nullfont!
Missing character: There is no l in font nullfont!
Missing character: There is no l in font nullfont!
Missing character: There is no o in font nullfont!
Missing character: There is no w in font nullfont!
Missing character: There is no i in font nullfont!
Missing character: There is no n in font nullfont!
Missing character: There is no g in font nullfont!
Missing character: There is no f in font nullfont!
Missing character: There is no u in font nullfont!
Missing character: There is no n in font nullfont!
Missing character: There is no c in font nullfont!
Missing character: There is no t in font nullfont!
Missing character: There is no i in font nullfont!
Missing character: There is no o in font nullfont!
Missing character: There is no n in font nullfont!
Missing character: There is no t in font nullfont!
Missing character: There is no r in font nullfont!
Missing character: There is no a in font nullfont!
Missing character: There is no n in font nullfont!
Missing character: There is no s in font nullfont!
Missing character: There is no l in font nullfont!
Missing character: There is no a in font nullfont!
Missing character: There is no t in font nullfont!
Missing character: There is no e in font nullfont!
Missing character: There is no s in font nullfont!
Missing character: There is no i in font nullfont!
Missing character: There is no n in font nullfont!
Missing character: There is no t in font nullfont!
Missing character: There is no o in font nullfont!
Missing character: There is no a in font nullfont!
Missing character: There is no n in font nullfont!
Missing character: There is no A in font nullfont!
Missing character: There is no C in font nullfont!
Missing character: There is no T in font nullfont!
Missing character: There is no L in font nullfont!
Missing character: There is no f in font nullfont!
Missing character: There is no o in font nullfont!
Missing character: There is no r in font nullfont!
Missing character: There is no m in font nullfont!
Missing character: There is no u in font nullfont!
Missing character: There is no l in font nullfont!
Missing character: There is no a in font nullfont!
Missing character: There is no a in font nullfont!
Missing character: There is no s in font nullfont!
Missing character: There is no f in font nullfont!
Missing character: There is no o in font nullfont!
Missing character: There is no l in font nullfont!
Missing character: There is no l in font nullfont!
Missing character: There is no o in font nullfont!
Missing character: There is no w in font nullfont!
Missing character: There is no s in font nullfont!
Missing character: There is no : in font nullfont!

Overfull \hbox (20.0pt too wide) in paragraph at lines 1--12
[]
 []


Overfull \hbox (10.22217pt too wide) in paragraph at lines 1--12
\OT1/cmr/bx/n/10 (2
 []


Overfull \hbox (36.0359pt too wide) in paragraph at lines 1--12
\OT1/cmr/bx/n/10 Points)
 []


Overfull \hbox (6.54167pt too wide) in paragraph at lines 1--12
\OML/cmm/m/it/10 '$
 []


Overfull \hbox (26.38887pt too wide) in paragraph at lines 1--12
[] \OT1/cmr/m/n/10 :
 []


Overfull \hbox (33.6526pt too wide) in paragraph at lines 1--12
[] \OMS/cmsy/m/n/10 !
 []


Overfull \hbox (31.59705pt too wide) in paragraph at lines 1--12
[]$
 []


Overfull \hbox (6.54167pt too wide) in paragraph at lines 1--12
\OML/cmm/m/it/10 '$
 []


Overfull \hbox (35.15285pt too wide) in paragraph at lines 1--12
[]\OT1/cmr/m/n/10 (\OML/cmm/m/it/10 '\OT1/cmr/m/n/10 )$
 []


Overfull \hbox (142.7638pt too wide) in paragraph at lines 13--28
 [] 
 []

Missing character: There is no T in font nullfont!
Missing character: There is no h in font nullfont!
Missing character: There is no e in font nullfont!
Missing character: There is no s in font nullfont!
Missing character: There is no e in font nullfont!
Missing character: There is no m in font nullfont!
Missing character: There is no a in font nullfont!
Missing character: There is no n in font nullfont!
Missing character: There is no t in font nullfont!
Missing character: There is no i in font nullfont!
Missing character: There is no c in font nullfont!
Missing character: There is no s in font nullfont!
Missing character: There is no o in font nullfont!
Missing character: There is no f in font nullfont!
Missing character: There is no t in font nullfont!
Missing character: There is no h in font nullfont!
Missing character: There is no e in font nullfont!
Missing character: There is no ` in font nullfont!
Missing character: There is no ` in font nullfont!
Missing character: There is no r in font nullfont!
Missing character: There is no e in font nullfont!
Missing character: There is no l in font nullfont!
Missing character: There is no e in font nullfont!
Missing character: There is no a in font nullfont!
Missing character: There is no s in font nullfont!
Missing character: There is no e in font nullfont!
Missing character: There is no ' in font nullfont!
Missing character: There is no ' in font nullfont!
Missing character: There is no o in font nullfont!
Missing character: There is no p in font nullfont!
Missing character: There is no e in font nullfont!
Missing character: There is no r in font nullfont!
Missing character: There is no a in font nullfont!
Missing character: There is no t in font nullfont!
Missing character: There is no o in font nullfont!
Missing character: There is no r in font nullfont!
Missing character: There is no i in font nullfont!
Missing character: There is no s in font nullfont!
Missing character: There is no d in font nullfont!
Missing character: There is no e in font nullfont!
Missing character: There is no f in font nullfont!
Missing character: There is no i in font nullfont!
Missing character: There is no n in font nullfont!
Missing character: There is no e in font nullfont!
Missing character: There is no d in font nullfont!
Missing character: There is no a in font nullfont!
Missing character: There is no s in font nullfont!
Missing character: There is no f in font nullfont!
Missing character: There is no o in font nullfont!
Missing character: There is no l in font nullfont!
Missing character: There is no l in font nullfont!
Missing character: There is no o in font nullfont!
Missing character: There is no w in font nullfont!
Missing character: There is no s in font nullfont!
Missing character: There is no : in font nullfont!

Overfull \hbox (8.62495pt too wide) in paragraph at lines 29--30
      $\OT1/cmr/bx/n/10 R$
 []


Overfull \hbox (321.0247pt too wide) detected at line 30
\OML/cmm/m/it/10 M; ^^Y \OMS/cmsy/m/n/10 j[][] \OML/cmm/m/it/10 '[]\OT1/cmr/bx/
n/10 R\OML/cmm/m/it/10 '[] [] \OMS/cmsy/m/n/10 8\OML/cmm/m/it/10 j \OMS/cmsy/m/
n/10 ^^U \OT1/cmr/m/n/10 0\OML/cmm/m/it/10 :^^Y[] \OMS/cmsy/m/n/10 j[][] \OML/c
mm/m/it/10 '[][]\OMS/cmsy/m/n/10 9\OML/cmm/m/it/10 i \OMS/cmsy/m/n/10 ^^U \OT1/
cmr/m/n/10 0\OML/cmm/m/it/10 :\OT1/cmr/m/n/10 (\OML/cmm/m/it/10 ^^Y[] \OMS/cmsy
/m/n/10 j[][] \OML/cmm/m/it/10 '[]\OT1/cmr/m/n/10 ) \OMS/cmsy/m/n/10 ^ \OT1/cmr
/m/n/10 (\OMS/cmsy/m/n/10 8\OML/cmm/m/it/10 k \OMS/cmsy/m/n/10 ^^T \OML/cmm/m/i
t/10 i:^^Y[] \OMS/cmsy/m/n/10 j[][] \OML/cmm/m/it/10 '[]\OT1/cmr/m/n/10 )
 []

! Undefined control sequence.
l.32 \paragraph
               {a)} Show that, for all $\LTL$ formulas $\varphi$ in negation...
The control sequence at the end of the top line
of your error message was never \def'ed. If you have
misspelled it (e.g., `\hobx'), type `I' and the correct
spelling (e.g., `I\hbox'). Otherwise just continue,
and I'll forget about whatever was undefined.

Missing character: There is no a in font nullfont!
Missing character: There is no ) in font nullfont!
Missing character: There is no S in font nullfont!
Missing character: There is no h in font nullfont!
Missing character: There is no o in font nullfont!
Missing character: There is no w in font nullfont!
Missing character: There is no t in font nullfont!
Missing character: There is no h in font nullfont!
Missing character: There is no a in font nullfont!
Missing character: There is no t in font nullfont!
Missing character: There is no , in font nullfont!
Missing character: There is no f in font nullfont!
Missing character: There is no o in font nullfont!
Missing character: There is no r in font nullfont!
Missing character: There is no a in font nullfont!
Missing character: There is no l in font nullfont!
Missing character: There is no l in font nullfont!
Missing character: There is no f in font nullfont!
Missing character: There is no o in font nullfont!
Missing character: There is no r in font nullfont!
Missing character: There is no m in font nullfont!
Missing character: There is no u in font nullfont!
Missing character: There is no l in font nullfont!
Missing character: There is no a in font nullfont!
Missing character: There is no s in font nullfont!
Missing character: There is no i in font nullfont!
Missing character: There is no n in font nullfont!
Missing character: There is no n in font nullfont!
Missing character: There is no e in font nullfont!
Missing character: There is no g in font nullfont!
Missing character: There is no a in font nullfont!
Missing character: There is no t in font nullfont!
Missing character: There is no i in font nullfont!
Missing character: There is no o in font nullfont!
Missing character: There is no n in font nullfont!
Missing character: There is no n in font nullfont!
Missing character: There is no o in font nullfont!
Missing character: There is no r in font nullfont!
Missing character: There is no m in font nullfont!
Missing character: There is no a in font nullfont!
Missing character: There is no l in font nullfont!
Missing character: There is no f in font nullfont!
Missing character: There is no o in font nullfont!
Missing character: There is no r in font nullfont!
Missing character: There is no m in font nullfont!
Missing character: There is no , in font nullfont!
Missing character: There is no t in font nullfont!
Missing character: There is no h in font nullfont!
Missing character: There is no e in font nullfont!
Missing character: There is no f in font nullfont!
Missing character: There is no o in font nullfont!
Missing character: There is no r in font nullfont!
Missing character: There is no m in font nullfont!
Missing character: There is no u in font nullfont!
Missing character: There is no l in font nullfont!
Missing character: There is no a in font nullfont!
Missing character: There is no i in font nullfont!
Missing character: There is no s in font nullfont!
Missing character: There is no a in font nullfont!
Missing character: There is no t in font nullfont!
Missing character: There is no a in font nullfont!
Missing character: There is no u in font nullfont!
Missing character: There is no t in font nullfont!
Missing character: There is no o in font nullfont!
Missing character: There is no l in font nullfont!
Missing character: There is no o in font nullfont!
Missing character: There is no g in font nullfont!
Missing character: There is no y in font nullfont!
Missing character: There is no . in font nullfont!

Overfull \hbox (20.0pt too wide) in paragraph at lines 32--38
[]
 []


Overfull \hbox (20.87488pt too wide) in paragraph at lines 32--38
[]$
 []


Overfull \hbox (6.54167pt too wide) in paragraph at lines 32--38
\OML/cmm/m/it/10 '$
 []


Overfull \hbox (27.81932pt too wide) in paragraph at lines 32--38
[][]$
 []


Overfull \hbox (47.93057pt too wide) in paragraph at lines 32--38
[]\OT1/cmr/m/n/10 (\OML/cmm/m/it/10 '\OT1/cmr/m/n/10 ) \OMS/cmsy/m/n/10 )
 []


Overfull \hbox (15.23607pt too wide) in paragraph at lines 32--38
\OT1/cmr/bx/n/10 A\OML/cmm/m/it/10 '$
 []


Overfull \hbox (22.51097pt too wide) in paragraph at lines 32--38
\OT1/cmr/m/it/10 Hint:
 []


Overfull \hbox (22.48877pt too wide) in paragraph at lines 32--38
\OT1/cmr/m/it/10 Show
 []


Overfull \hbox (15.58879pt too wide) in paragraph at lines 32--38
\OT1/cmr/m/it/10 this
 []


Overfull \hbox (9.45547pt too wide) in paragraph at lines 32--38
\OT1/cmr/m/it/10 by
 []


Overfull \hbox (24.53319pt too wide) in paragraph at lines 32--38
\OT1/cmr/m/it/10 show-
 []


Overfull \hbox (13.2888pt too wide) in paragraph at lines 32--38
\OT1/cmr/m/it/10 ing
 []


Overfull \hbox (16.86655pt too wide) in paragraph at lines 32--38
\OT1/cmr/m/it/10 that
 []


Overfull \hbox (31.03468pt too wide) in paragraph at lines 32--38
\OML/cmm/m/it/10 M; s \OMS/cmsy/m/n/10 j[][]
 []


Overfull \hbox (35.15285pt too wide) in paragraph at lines 32--38
[]\OT1/cmr/m/n/10 (\OML/cmm/m/it/10 '\OT1/cmr/m/n/10 )$
 []


Overfull \hbox (14.82213pt too wide) in paragraph at lines 32--38
\OT1/cmr/m/it/10 im-
 []


Overfull \hbox (19.4221pt too wide) in paragraph at lines 32--38
\OT1/cmr/m/it/10 plies
 []


Overfull \hbox (31.03468pt too wide) in paragraph at lines 32--38
\OML/cmm/m/it/10 M; s \OMS/cmsy/m/n/10 j[][]
 []


Overfull \hbox (15.23607pt too wide) in paragraph at lines 32--38
\OT1/cmr/bx/n/10 A\OML/cmm/m/it/10 '$
 []


Overfull \hbox (12.39436pt too wide) in paragraph at lines 32--38
\OT1/cmr/m/it/10 for
 []


Overfull \hbox (10.73328pt too wide) in paragraph at lines 32--38
\OT1/cmr/m/it/10 all
 []


Overfull \hbox (20.87488pt too wide) in paragraph at lines 32--38
[]$
 []


Overfull \hbox (15.9721pt too wide) in paragraph at lines 32--38
\OT1/cmr/m/it/10 for-
 []


Overfull \hbox (17.12212pt too wide) in paragraph at lines 32--38
\OT1/cmr/m/it/10 mu-
 []


Overfull \hbox (11.7555pt too wide) in paragraph at lines 32--38
\OT1/cmr/m/it/10 las
 []


Overfull \hbox (6.54167pt too wide) in paragraph at lines 32--38
\OML/cmm/m/it/10 '$
 []


Overfull \hbox (8.68884pt too wide) in paragraph at lines 32--38
\OT1/cmr/m/it/10 in
 []


Overfull \hbox (22.99982pt too wide) in paragraph at lines 32--38
\OT1/cmr/m/it/10 nega-
 []


Overfull \hbox (17.12212pt too wide) in paragraph at lines 32--38
\OT1/cmr/m/it/10 tion
 []


Overfull \hbox (18.52765pt too wide) in paragraph at lines 32--38
\OT1/cmr/m/it/10 nor-
 []


Overfull \hbox (15.84436pt too wide) in paragraph at lines 32--38
\OT1/cmr/m/it/10 mal
 []


Overfull \hbox (23.63875pt too wide) in paragraph at lines 32--38
\OT1/cmr/m/it/10 form,
 []


Overfull \hbox (10.73328pt too wide) in paragraph at lines 32--38
\OT1/cmr/m/it/10 all
 []


Overfull \hbox (29.28313pt too wide) in paragraph at lines 32--38
\OT1/cmr/m/it/10 Kripke
 []


Overfull \hbox (25.17203pt too wide) in paragraph at lines 32--38
\OT1/cmr/m/it/10 struc-
 []


Overfull \hbox (21.08316pt too wide) in paragraph at lines 32--38
\OT1/cmr/m/it/10 tures
 []


Overfull \hbox (10.79166pt too wide) in paragraph at lines 32--38
\OML/cmm/m/it/10 M$
 []


Overfull \hbox (15.84436pt too wide) in paragraph at lines 32--38
\OT1/cmr/m/it/10 and
 []


Overfull \hbox (10.73328pt too wide) in paragraph at lines 32--38
\OT1/cmr/m/it/10 all
 []


Overfull \hbox (24.53316pt too wide) in paragraph at lines 32--38
\OT1/cmr/m/it/10 states
 []


Overfull \hbox (4.6875pt too wide) in paragraph at lines 32--38
\OML/cmm/m/it/10 s$
 []


Overfull \hbox (8.68884pt too wide) in paragraph at lines 32--38
\OT1/cmr/m/it/10 in
 []


Overfull \hbox (13.8583pt too wide) in paragraph at lines 32--38
\OML/cmm/m/it/10 M$\OT1/cmr/m/it/10 .
 []


Overfull \hbox (16.12212pt too wide) in paragraph at lines 32--38
\OT1/cmr/m/it/10 Use
 []


Overfull \hbox (12.26659pt too wide) in paragraph at lines 32--38
\OT1/cmr/m/it/10 in-
 []


Overfull \hbox (18.65543pt too wide) in paragraph at lines 32--38
\OT1/cmr/m/it/10 duc-
 []


Overfull \hbox (17.12212pt too wide) in paragraph at lines 32--38
\OT1/cmr/m/it/10 tion
 []


Overfull \hbox (18.52763pt too wide) in paragraph at lines 32--38
\OT1/cmr/m/it/10 over
 []


Overfull \hbox (13.03323pt too wide) in paragraph at lines 32--38
\OT1/cmr/m/it/10 the
 []


Overfull \hbox (25.17203pt too wide) in paragraph at lines 32--38
\OT1/cmr/m/it/10 struc-
 []


Overfull \hbox (16.9943pt too wide) in paragraph at lines 32--38
\OT1/cmr/m/it/10 ture
 []


Overfull \hbox (20.3416pt too wide) in paragraph at lines 32--38
\OT1/cmr/m/it/10 of $\OML/cmm/m/it/10 '$\OT1/cmr/m/it/10 .
 []


Overfull \hbox (10.22217pt too wide) in paragraph at lines 32--38
\OT1/cmr/bx/n/10 (1
 []


Overfull \hbox (31.49983pt too wide) in paragraph at lines 32--38
\OT1/cmr/bx/n/10 Point) 
 []

Missing character: There is no i in font nullfont!
Missing character: There is no f in font nullfont!
Missing character: There is no f in font nullfont!
Missing character: There is no f in font nullfont!
Missing character: There is no o in font nullfont!
Missing character: There is no r in font nullfont!
Missing character: There is no e in font nullfont!
Missing character: There is no v in font nullfont!
Missing character: There is no e in font nullfont!
Missing character: There is no r in font nullfont!
Missing character: There is no y in font nullfont!
Missing character: There is no p in font nullfont!
Missing character: There is no a in font nullfont!
Missing character: There is no t in font nullfont!
Missing character: There is no h in font nullfont!
Missing character: There is no s in font nullfont!
Missing character: There is no t in font nullfont!
Missing character: There is no a in font nullfont!
Missing character: There is no r in font nullfont!
Missing character: There is no t in font nullfont!
Missing character: There is no i in font nullfont!
Missing character: There is no n in font nullfont!
Missing character: There is no g in font nullfont!
Missing character: There is no f in font nullfont!
Missing character: There is no r in font nullfont!
Missing character: There is no o in font nullfont!
Missing character: There is no m in font nullfont!
Missing character: There is no s in font nullfont!
Missing character: There is no : in font nullfont!
Missing character: There is no i in font nullfont!
Missing character: There is no f in font nullfont!
Missing character: There is no f in font nullfont!
Missing character: There is no s in font nullfont!
Missing character: There is no i in font nullfont!
Missing character: There is no s in font nullfont!
Missing character: There is no f in font nullfont!
Missing character: There is no i in font nullfont!
Missing character: There is no r in font nullfont!
Missing character: There is no s in font nullfont!
Missing character: There is no t in font nullfont!
Missing character: There is no s in font nullfont!
Missing character: There is no t in font nullfont!
Missing character: There is no a in font nullfont!
Missing character: There is no t in font nullfont!
Missing character: There is no e in font nullfont!
Missing character: There is no o in font nullfont!
Missing character: There is no f in font nullfont!
Missing character: There is no a in font nullfont!
Missing character: There is no n in font nullfont!
Missing character: There is no d in font nullfont!
Missing character: There is no i in font nullfont!
Missing character: There is no f in font nullfont!
Missing character: There is no f in font nullfont!
Missing character: There is no f in font nullfont!
Missing character: There is no o in font nullfont!
Missing character: There is no r in font nullfont!
Missing character: There is no e in font nullfont!
Missing character: There is no v in font nullfont!
Missing character: There is no e in font nullfont!
Missing character: There is no r in font nullfont!
Missing character: There is no y in font nullfont!
Missing character: There is no p in font nullfont!
Missing character: There is no a in font nullfont!
Missing character: There is no t in font nullfont!
Missing character: There is no h in font nullfont!
Missing character: There is no s in font nullfont!
Missing character: There is no t in font nullfont!
Missing character: There is no a in font nullfont!
Missing character: There is no r in font nullfont!
Missing character: There is no t in font nullfont!
Missing character: There is no i in font nullfont!
Missing character: There is no n in font nullfont!
Missing character: There is no g in font nullfont!
Missing character: There is no f in font nullfont!
Missing character: There is no r in font nullfont!
Missing character: There is no o in font nullfont!
Missing character: There is no m in font nullfont!
Missing character: There is no s in font nullfont!
Missing character: There is no : in font nullfont!
Missing character: There is no i in font nullfont!
Missing character: There is no f in font nullfont!
Missing character: There is no f in font nullfont!
Missing character: There is no s in font nullfont!
Missing character: There is no i in font nullfont!
Missing character: There is no s in font nullfont!
Missing character: There is no f in font nullfont!
Missing character: There is no i in font nullfont!
Missing character: There is no r in font nullfont!
Missing character: There is no s in font nullfont!
Missing character: There is no t in font nullfont!
Missing character: There is no s in font nullfont!
Missing character: There is no t in font nullfont!
Missing character: There is no a in font nullfont!
Missing character: There is no t in font nullfont!
Missing character: There is no e in font nullfont!
Missing character: There is no o in font nullfont!
Missing character: There is no f in font nullfont!
Missing character: There is no a in font nullfont!
Missing character: There is no n in font nullfont!
Missing character: There is no d in font nullfont!

Overfull \hbox (184.84386pt too wide) in paragraph at lines 39--51
[][] 
 []

! Undefined control sequence.
l.53 \paragraph
               {b)} Show that, in general, $M, s \models \varphi$ does not i...
The control sequence at the end of the top line
of your error message was never \def'ed. If you have
misspelled it (e.g., `\hobx'), type `I' and the correct
spelling (e.g., `I\hbox'). Otherwise just continue,
and I'll forget about whatever was undefined.

Missing character: There is no b in font nullfont!
Missing character: There is no ) in font nullfont!
Missing character: There is no S in font nullfont!
Missing character: There is no h in font nullfont!
Missing character: There is no o in font nullfont!
Missing character: There is no w in font nullfont!
Missing character: There is no t in font nullfont!
Missing character: There is no h in font nullfont!
Missing character: There is no a in font nullfont!
Missing character: There is no t in font nullfont!
Missing character: There is no , in font nullfont!
Missing character: There is no i in font nullfont!
Missing character: There is no n in font nullfont!
Missing character: There is no g in font nullfont!
Missing character: There is no e in font nullfont!
Missing character: There is no n in font nullfont!
Missing character: There is no e in font nullfont!
Missing character: There is no r in font nullfont!
Missing character: There is no a in font nullfont!
Missing character: There is no l in font nullfont!
Missing character: There is no , in font nullfont!
Missing character: There is no d in font nullfont!
Missing character: There is no o in font nullfont!
Missing character: There is no e in font nullfont!
Missing character: There is no s in font nullfont!
Missing character: There is no n in font nullfont!
Missing character: There is no o in font nullfont!
Missing character: There is no t in font nullfont!
Missing character: There is no i in font nullfont!
Missing character: There is no m in font nullfont!
Missing character: There is no p in font nullfont!
Missing character: There is no l in font nullfont!
Missing character: There is no y in font nullfont!
Missing character: There is no . in font nullfont!
! Undefined control sequence.
l.54 ... and the given state $s$ in $M$.}\\{\color
                                                  {white} whitespace}\hfill\...
The control sequence at the end of the top line
of your error message was never \def'ed. If you have
misspelled it (e.g., `\hobx'), type `I' and the correct
spelling (e.g., `I\hbox'). Otherwise just continue,
and I'll forget about whatever was undefined.

Missing character: There is no w in font nullfont!
Missing character: There is no h in font nullfont!
Missing character: There is no i in font nullfont!
Missing character: There is no t in font nullfont!
Missing character: There is no e in font nullfont!
Missing character: There is no w in font nullfont!
Missing character: There is no h in font nullfont!
Missing character: There is no i in font nullfont!
Missing character: There is no t in font nullfont!
Missing character: There is no e in font nullfont!
Missing character: There is no s in font nullfont!
Missing character: There is no p in font nullfont!
Missing character: There is no a in font nullfont!
Missing character: There is no c in font nullfont!
Missing character: There is no e in font nullfont!

Overfull \hbox (20.0pt too wide) in paragraph at lines 53--55
[]
 []


Overfull \hbox (31.03468pt too wide) in paragraph at lines 53--55
\OML/cmm/m/it/10 M; s \OMS/cmsy/m/n/10 j[][]
 []


Overfull \hbox (6.54167pt too wide) in paragraph at lines 53--55
\OML/cmm/m/it/10 '$
 []


Overfull \hbox (31.03468pt too wide) in paragraph at lines 53--55
\OML/cmm/m/it/10 M; s \OMS/cmsy/m/n/10 j[][]
 []


Overfull \hbox (35.15285pt too wide) in paragraph at lines 53--55
[]\OT1/cmr/m/n/10 (\OML/cmm/m/it/10 '\OT1/cmr/m/n/10 )$
 []


Overfull \hbox (22.51097pt too wide) in paragraph at lines 53--55
\OT1/cmr/m/it/10 Hint:
 []


Overfull \hbox (20.00264pt too wide) in paragraph at lines 53--55
\OT1/cmr/m/it/10 Give
 []


Overfull \hbox (5.11108pt too wide) in paragraph at lines 53--55
\OT1/cmr/m/it/10 a
 []


Overfull \hbox (29.28313pt too wide) in paragraph at lines 53--55
\OT1/cmr/m/it/10 Kripke
 []


Overfull \hbox (25.17203pt too wide) in paragraph at lines 53--55
\OT1/cmr/m/it/10 struc-
 []


Overfull \hbox (16.9943pt too wide) in paragraph at lines 53--55
\OT1/cmr/m/it/10 ture
 []


Overfull \hbox (10.79166pt too wide) in paragraph at lines 53--55
\OML/cmm/m/it/10 M$
 []


Overfull \hbox (15.84436pt too wide) in paragraph at lines 53--55
\OT1/cmr/m/it/10 and
 []


Overfull \hbox (10.73328pt too wide) in paragraph at lines 53--55
\OT1/cmr/m/it/10 an
 []


Overfull \hbox (20.87488pt too wide) in paragraph at lines 53--55
[]$
 []


Overfull \hbox (15.9721pt too wide) in paragraph at lines 53--55
\OT1/cmr/m/it/10 for-
 []


Overfull \hbox (21.211pt too wide) in paragraph at lines 53--55
\OT1/cmr/m/it/10 mula
 []


Overfull \hbox (6.54167pt too wide) in paragraph at lines 53--55
\OML/cmm/m/it/10 '$
 []


Overfull \hbox (19.16655pt too wide) in paragraph at lines 53--55
\OT1/cmr/m/it/10 such
 []


Overfull \hbox (16.86655pt too wide) in paragraph at lines 53--55
\OT1/cmr/m/it/10 that
 []


Overfull \hbox (31.03468pt too wide) in paragraph at lines 53--55
\OML/cmm/m/it/10 M; s \OMS/cmsy/m/n/10 j[][]
 []


Overfull \hbox (6.54167pt too wide) in paragraph at lines 53--55
\OML/cmm/m/it/10 '$
 []


Overfull \hbox (15.84436pt too wide) in paragraph at lines 53--55
\OT1/cmr/m/it/10 and
 []


Overfull \hbox (31.03468pt too wide) in paragraph at lines 53--55
\OML/cmm/m/it/10 M; s \OMS/cmsy/m/n/10 6j[][]
 []


Overfull \hbox (38.2195pt too wide) in paragraph at lines 53--55
[]\OT1/cmr/m/n/10 (\OML/cmm/m/it/10 '\OT1/cmr/m/n/10 )$\OT1/cmr/m/it/10 .
 []


Overfull \hbox (18.2832pt too wide) in paragraph at lines 53--55
\OT1/cmr/m/it/10 Dis-
 []


Overfull \hbox (18.14433pt too wide) in paragraph at lines 53--55
\OT1/cmr/m/it/10 cuss
 []


Overfull \hbox (16.61101pt too wide) in paragraph at lines 53--55
\OT1/cmr/m/it/10 why
 []


Overfull \hbox (31.03468pt too wide) in paragraph at lines 53--55
\OML/cmm/m/it/10 M; s \OMS/cmsy/m/n/10 j[][]
 []


Overfull \hbox (6.54167pt too wide) in paragraph at lines 53--55
\OML/cmm/m/it/10 '$
 []


Overfull \hbox (15.84436pt too wide) in paragraph at lines 53--55
\OT1/cmr/m/it/10 and
 []


Overfull \hbox (31.03468pt too wide) in paragraph at lines 53--55
\OML/cmm/m/it/10 M; s \OMS/cmsy/m/n/10 6j[][]
 []


Overfull \hbox (35.15285pt too wide) in paragraph at lines 53--55
[]\OT1/cmr/m/n/10 (\OML/cmm/m/it/10 '\OT1/cmr/m/n/10 )$
 []


Overfull \hbox (21.97766pt too wide) in paragraph at lines 53--55
\OT1/cmr/m/it/10 holds
 []


Overfull \hbox (10.73328pt too wide) in paragraph at lines 53--55
\OT1/cmr/m/it/10 on
 []


Overfull \hbox (10.79166pt too wide) in paragraph at lines 53--55
\OML/cmm/m/it/10 M$
 []


Overfull \hbox (15.84436pt too wide) in paragraph at lines 53--55
\OT1/cmr/m/it/10 and
 []


Overfull \hbox (13.03323pt too wide) in paragraph at lines 53--55
\OT1/cmr/m/it/10 the
 []


Overfull \hbox (22.48872pt too wide) in paragraph at lines 53--55
\OT1/cmr/m/it/10 given
 []


Overfull \hbox (20.44429pt too wide) in paragraph at lines 53--55
\OT1/cmr/m/it/10 state
 []


Overfull \hbox (4.6875pt too wide) in paragraph at lines 53--55
\OML/cmm/m/it/10 s$
 []


Overfull \hbox (8.68884pt too wide) in paragraph at lines 53--55
\OT1/cmr/m/it/10 in
 []


Overfull \hbox (13.8583pt too wide) in paragraph at lines 53--55
\OML/cmm/m/it/10 M$\OT1/cmr/m/it/10 . 
 []


Overfull \hbox (10.22217pt too wide) in paragraph at lines 53--55
\OT1/cmr/bx/n/10 (1
 []


Overfull \hbox (31.49983pt too wide) in paragraph at lines 53--55
\OT1/cmr/bx/n/10 Point) 
 []

)
! Emergency stop.
<*> actl_ltl.tex
                
*** (job aborted, no legal \end found)

 
Here is how much of TeX's memory you used:
 28 strings out of 495059
 333 string characters out of 3182030
 53057 words of memory out of 3000000
 3305 multiletter control sequences out of 15000+200000
 5818 words of font info for 21 fonts, out of 3000000 for 9000
 14 hyphenation exceptions out of 8191
 18i,10n,16p,347b,145s stack positions out of 5000i,500n,10000p,200000b,50000s
!  ==> Fatal error occurred, no output PDF file produced!
