<<<<<<< HEAD
This is pdfTeX, Version 3.1415926-2.4-1.40.13 (TeX Live 2012/Debian) (format=pdflatex 2012.6.11)  17 JUN 2012 23:43
=======
<<<<<<< HEAD
This is pdfTeX, Version 3.1415926-2.3-1.40.12 (MiKTeX 2.9) (preloaded format=pdflatex 2012.3.27)  17 JUN 2012 19:06
>>>>>>> 9262e6753c31105bfe8bd6a3b357cbfcb97337bd
entering extended mode
**C:/Users/Schrabauke/Desktop/UNI/repo/FMI/abgabe4/block4.tex
(C:/Users/Schrabauke/Desktop/UNI/repo/FMI/abgabe4/block4.tex
=======
This is pdfTeX, Version 3.1415926-2.3-1.40.12 (MiKTeX 2.9 64-bit) (preloaded format=pdflatex 2012.4.30)  17 JUN 2012 21:44
entering extended mode
**C:/Users/Lukas/Dropbox/Uni/FMI/git/FMI/abgabe4/block4.tex
(C:/Users/Lukas/Dropbox/Uni/FMI/git/FMI/abgabe4/block4.tex
>>>>>>> Beispiel 2b fertig
LaTeX2e <2011/06/27>
Babel <v3.8m> and hyphenation patterns for english, afrikaans, ancientgreek, ar
abic, armenian, assamese, basque, bengali, bokmal, bulgarian, catalan, coptic, 
croatian, czech, danish, dutch, esperanto, estonian, farsi, finnish, french, ga
lician, german, german-x-2009-06-19, greek, gujarati, hindi, hungarian, iceland
ic, indonesian, interlingua, irish, italian, kannada, kurmanji, lao, latin, lat
vian, lithuanian, malayalam, marathi, mongolian, mongolianlmc, monogreek, ngerm
an, ngerman-x-2009-06-19, nynorsk, oriya, panjabi, pinyin, polish, portuguese, 
romanian, russian, sanskrit, serbian, slovak, slovenian, spanish, swedish, swis
sgerman, tamil, telugu, turkish, turkmen, ukenglish, ukrainian, uppersorbian, u
senglishmax, welsh, loaded.
<<<<<<< HEAD
(C:\Users\Schrabauke\Desktop\UNI\repo\FMI\abgabe4\uebung.cls
(C:\Schrab\Progs\MIKTex\tex\latex\base\article.cls
Document Class: article 2007/10/19 v1.4h Standard LaTeX document class
(C:\Schrab\Progs\MIKTex\tex\latex\base\size12.clo
=======
(C:\Users\Lukas\Dropbox\Uni\FMI\git\FMI\abgabe4\uebung.cls
("C:\Program Files\MiKTeX 2.9\tex\latex\base\article.cls"
Document Class: article 2007/10/19 v1.4h Standard LaTeX document class
("C:\Program Files\MiKTeX 2.9\tex\latex\base\size12.clo"
>>>>>>> Beispiel 2b fertig
File: size12.clo 2007/10/19 v1.4h Standard LaTeX file (size option)
)
\c@part=\count79
\c@section=\count80
\c@subsection=\count81
\c@subsubsection=\count82
\c@paragraph=\count83
\c@subparagraph=\count84
\c@figure=\count85
\c@table=\count86
\abovecaptionskip=\skip41
\belowcaptionskip=\skip42
\bibindent=\dimen102
)
<<<<<<< HEAD
(C:\Schrab\Progs\MIKTex\tex\latex\a4wide\a4wide.sty
Package: a4wide 1994/08/30

(C:\Schrab\Progs\MIKTex\tex\latex\ntgclass\a4.sty
Package: a4 2004/04/15 v1.2g A4 based page layout
))
(C:\Users\Schrabauke\Desktop\UNI\repo\FMI\abgabe4\german.sty v2.5e 1998-07-08
=======
(C:\Users\Lukas\AppData\Roaming\MiKTeX\2.9\tex\latex\a4wide\a4wide.sty
Package: a4wide 1994/08/30

(C:\Users\Lukas\AppData\Roaming\MiKTeX\2.9\tex\latex\ntgclass\a4.sty
Package: a4 2004/04/15 v1.2g A4 based page layout
))
(C:\Users\Lukas\Dropbox\Uni\FMI\git\FMI\abgabe4\german.sty v2.5e 1998-07-08
>>>>>>> Beispiel 2b fertig
Package: german 1998/07/08 v2.5e Support for writing german texts (br)
\grmnU@D=\dimen103
german -- \language number for Austrian undefined, default 22 used.
)
\abslength=\skip43
\TUMBr=\skip44
\c@TAufgabennr=\count87
\c@PAufgabennr=\count88
\c@Aufgabennr=\count89
<<<<<<< HEAD
) (C:\Schrab\Progs\MIKTex\tex\generic\babel\babel.sty
=======
)
("C:\Program Files\MiKTeX 2.9\tex\generic\babel\babel.sty"
>>>>>>> Beispiel 2b fertig
Package: babel 2008/07/08 v3.8m The Babel package

*************************************
* Local config file bblopts.cfg used
*
<<<<<<< HEAD
(C:\Schrab\Progs\MIKTex\tex\latex\00miktex\bblopts.cfg
File: bblopts.cfg 2006/07/31 v1.0 MiKTeX 'babel' configuration
)
(C:\Schrab\Progs\MIKTex\tex\generic\babel\english.ldf
Language: english 2005/03/30 v3.3o English support from the babel system

(C:\Schrab\Progs\MIKTex\tex\generic\babel\babel.def
=======
("C:\Program Files\MiKTeX 2.9\tex\latex\00miktex\bblopts.cfg"
File: bblopts.cfg 2006/07/31 v1.0 MiKTeX 'babel' configuration
)
("C:\Program Files\MiKTeX 2.9\tex\generic\babel\english.ldf"
Language: english 2005/03/30 v3.3o English support from the babel system

("C:\Program Files\MiKTeX 2.9\tex\generic\babel\babel.def"
>>>>>>> Beispiel 2b fertig
File: babel.def 2008/07/08 v3.8m Babel common definitions
\babel@savecnt=\count90
\U@D=\dimen104
)
\l@canadian = a dialect from \language\l@american 
\l@australian = a dialect from \language\l@british 
\l@newzealand = a dialect from \language\l@british 
))
<<<<<<< HEAD
(C:\Schrab\Progs\MIKTex\tex\latex\graphics\epsfig.sty
Package: epsfig 1999/02/16 v1.7a (e)psfig emulation (SPQR)

(C:\Schrab\Progs\MIKTex\tex\latex\graphics\graphicx.sty
Package: graphicx 1999/02/16 v1.0f Enhanced LaTeX Graphics (DPC,SPQR)

(C:\Schrab\Progs\MIKTex\tex\latex\graphics\keyval.sty
Package: keyval 1999/03/16 v1.13 key=value parser (DPC)
\KV@toks@=\toks14
)
(C:\Schrab\Progs\MIKTex\tex\latex\graphics\graphics.sty
Package: graphics 2009/02/05 v1.0o Standard LaTeX Graphics (DPC,SPQR)

(C:\Schrab\Progs\MIKTex\tex\latex\graphics\trig.sty
Package: trig 1999/03/16 v1.09 sin cos tan (DPC)
)
(C:\Schrab\Progs\MIKTex\tex\latex\00miktex\graphics.cfg
=======
("C:\Program Files\MiKTeX 2.9\tex\latex\graphics\epsfig.sty"
Package: epsfig 1999/02/16 v1.7a (e)psfig emulation (SPQR)

("C:\Program Files\MiKTeX 2.9\tex\latex\graphics\graphicx.sty"
Package: graphicx 1999/02/16 v1.0f Enhanced LaTeX Graphics (DPC,SPQR)

("C:\Program Files\MiKTeX 2.9\tex\latex\graphics\keyval.sty"
Package: keyval 1999/03/16 v1.13 key=value parser (DPC)
\KV@toks@=\toks14
)
("C:\Program Files\MiKTeX 2.9\tex\latex\graphics\graphics.sty"
Package: graphics 2009/02/05 v1.0o Standard LaTeX Graphics (DPC,SPQR)

("C:\Program Files\MiKTeX 2.9\tex\latex\graphics\trig.sty"
Package: trig 1999/03/16 v1.09 sin cos tan (DPC)
)
("C:\Program Files\MiKTeX 2.9\tex\latex\00miktex\graphics.cfg"
>>>>>>> Beispiel 2b fertig
File: graphics.cfg 2007/01/18 v1.5 graphics configuration of teTeX/TeXLive
)
Package graphics Info: Driver file: pdftex.def on input line 91.

<<<<<<< HEAD
(C:\Schrab\Progs\MIKTex\tex\latex\pdftex-def\pdftex.def
File: pdftex.def 2011/05/27 v0.06d Graphics/color for pdfTeX

(C:\Schrab\Progs\MIKTex\tex\generic\oberdiek\infwarerr.sty
Package: infwarerr 2010/04/08 v1.3 Providing info/warning/message (HO)
)
(C:\Schrab\Progs\MIKTex\tex\generic\oberdiek\ltxcmds.sty
=======
("C:\Program Files\MiKTeX 2.9\tex\latex\pdftex-def\pdftex.def"
File: pdftex.def 2011/05/27 v0.06d Graphics/color for pdfTeX

("C:\Program Files\MiKTeX 2.9\tex\generic\oberdiek\infwarerr.sty"
Package: infwarerr 2010/04/08 v1.3 Providing info/warning/message (HO)
)
("C:\Program Files\MiKTeX 2.9\tex\generic\oberdiek\ltxcmds.sty"
>>>>>>> Beispiel 2b fertig
Package: ltxcmds 2011/04/18 v1.20 LaTeX kernel commands for general use (HO)
)
\Gread@gobject=\count91
))
\Gin@req@height=\dimen105
\Gin@req@width=\dimen106
)
\epsfxsize=\dimen107
\epsfysize=\dimen108
)
<<<<<<< HEAD
(C:\Schrab\Progs\MIKTex\tex\generic\dvips\rotate.sty
\rotdimen=\dimen109
)
(C:\Schrab\Progs\MIKTex\tex\latex\ams\math\amsmath.sty
=======
("C:\Program Files\MiKTeX 2.9\tex\generic\dvips\rotate.sty"
\rotdimen=\dimen109
)
("C:\Program Files\MiKTeX 2.9\tex\latex\ams\math\amsmath.sty"
>>>>>>> Beispiel 2b fertig
Package: amsmath 2000/07/18 v2.13 AMS math features
\@mathmargin=\skip45

For additional information on amsmath, use the `?' option.
<<<<<<< HEAD
(C:\Schrab\Progs\MIKTex\tex\latex\ams\math\amstext.sty
Package: amstext 2000/06/29 v2.01

(C:\Schrab\Progs\MIKTex\tex\latex\ams\math\amsgen.sty
=======
("C:\Program Files\MiKTeX 2.9\tex\latex\ams\math\amstext.sty"
Package: amstext 2000/06/29 v2.01

("C:\Program Files\MiKTeX 2.9\tex\latex\ams\math\amsgen.sty"
>>>>>>> Beispiel 2b fertig
File: amsgen.sty 1999/11/30 v2.0
\@emptytoks=\toks15
\ex@=\dimen110
))
<<<<<<< HEAD
(C:\Schrab\Progs\MIKTex\tex\latex\ams\math\amsbsy.sty
Package: amsbsy 1999/11/29 v1.2d
\pmbraise@=\dimen111
)
(C:\Schrab\Progs\MIKTex\tex\latex\ams\math\amsopn.sty
=======
("C:\Program Files\MiKTeX 2.9\tex\latex\ams\math\amsbsy.sty"
Package: amsbsy 1999/11/29 v1.2d
\pmbraise@=\dimen111
)
("C:\Program Files\MiKTeX 2.9\tex\latex\ams\math\amsopn.sty"
>>>>>>> Beispiel 2b fertig
Package: amsopn 1999/12/14 v2.01 operator names
)
\inf@bad=\count92
LaTeX Info: Redefining \frac on input line 211.
\uproot@=\count93
\leftroot@=\count94
LaTeX Info: Redefining \overline on input line 307.
\classnum@=\count95
\DOTSCASE@=\count96
LaTeX Info: Redefining \ldots on input line 379.
LaTeX Info: Redefining \dots on input line 382.
LaTeX Info: Redefining \cdots on input line 467.
\Mathstrutbox@=\box26
\strutbox@=\box27
\big@size=\dimen112
LaTeX Font Info:    Redeclaring font encoding OML on input line 567.
LaTeX Font Info:    Redeclaring font encoding OMS on input line 568.
\macc@depth=\count97
\c@MaxMatrixCols=\count98
\dotsspace@=\muskip10
\c@parentequation=\count99
\dspbrk@lvl=\count100
\tag@help=\toks16
\row@=\count101
\column@=\count102
\maxfields@=\count103
\andhelp@=\toks17
\eqnshift@=\dimen113
\alignsep@=\dimen114
\tagshift@=\dimen115
\tagwidth@=\dimen116
\totwidth@=\dimen117
\lineht@=\dimen118
\@envbody=\toks18
\multlinegap=\skip46
\multlinetaggap=\skip47
\mathdisplay@stack=\toks19
LaTeX Info: Redefining \[ on input line 2666.
LaTeX Info: Redefining \] on input line 2667.
)
<<<<<<< HEAD
(C:\Schrab\Progs\MIKTex\tex\latex\graphics\color.sty
Package: color 2005/11/14 v1.0j Standard LaTeX Color (DPC)

(C:\Schrab\Progs\MIKTex\tex\latex\00miktex\color.cfg
=======
("C:\Program Files\MiKTeX 2.9\tex\latex\amsfonts\amssymb.sty"
Package: amssymb 2009/06/22 v3.00

("C:\Program Files\MiKTeX 2.9\tex\latex\amsfonts\amsfonts.sty"
Package: amsfonts 2009/06/22 v3.00 Basic AMSFonts support
\symAMSa=\mathgroup4
\symAMSb=\mathgroup5
LaTeX Font Info:    Overwriting math alphabet `\mathfrak' in version `bold'
(Font)                  U/euf/m/n --> U/euf/b/n on input line 96.
))
("C:\Program Files\MiKTeX 2.9\tex\latex\graphics\color.sty"
Package: color 2005/11/14 v1.0j Standard LaTeX Color (DPC)

("C:\Program Files\MiKTeX 2.9\tex\latex\00miktex\color.cfg"
>>>>>>> Beispiel 2b fertig
File: color.cfg 2007/01/18 v1.5 color configuration of teTeX/TeXLive
)
Package color Info: Driver file: pdftex.def on input line 130.
)
<<<<<<< HEAD
(C:\Schrab\Progs\MIKTex\tex\latex\koma-script\typearea.sty
=======
(C:\Users\Lukas\AppData\Roaming\MiKTeX\2.9\tex\latex\koma-script\typearea.sty
>>>>>>> Beispiel 2b fertig
Package: typearea 2012/03/08 v3.10a KOMA-Script package (type area)

Package typearea, 2012/03/08 v3.10a KOMA-Script package (type area)
                  Copyright (C) Frank Neukam, 1992-1994
                  Copyright (C) Markus Kohm, 1994-

<<<<<<< HEAD
(C:\Schrab\Progs\MIKTex\tex\latex\koma-script\scrkbase.sty
Package: scrkbase 2012/03/08 v3.10a KOMA-Script package (KOMA-Script-dependent 
basics and keyval usage)

(C:\Schrab\Progs\MIKTex\tex\latex\koma-script\scrbase.sty
Package: scrbase 2012/03/08 v3.10a KOMA-Script package (KOMA-Script-independent
 basics and keyval usage)

(C:\Schrab\Progs\MIKTex\tex\latex\koma-script\scrlfile.sty
=======
(C:\Users\Lukas\AppData\Roaming\MiKTeX\2.9\tex\latex\koma-script\scrkbase.sty
Package: scrkbase 2012/03/08 v3.10a KOMA-Script package (KOMA-Script-dependent 
basics and keyval usage)

(C:\Users\Lukas\AppData\Roaming\MiKTeX\2.9\tex\latex\koma-script\scrbase.sty
Package: scrbase 2012/03/08 v3.10a KOMA-Script package (KOMA-Script-independent
 basics and keyval usage)

(C:\Users\Lukas\AppData\Roaming\MiKTeX\2.9\tex\latex\koma-script\scrlfile.sty
>>>>>>> Beispiel 2b fertig
Package: scrlfile 2011/03/09 v3.09 KOMA-Script package (loading files)

Package scrlfile, 2011/03/09 v3.09 KOMA-Script package (loading files)
                  Copyright (C) Markus Kohm

)))
\ta@bcor=\skip48
\ta@div=\count104
Package typearea Info: You've used standard option `a4paper'.
(typearea)             This is correct!
(typearea)             Internally I'm using `paper=a4'.
(typearea)             If you'd like to set the option with \KOMAoptions,
(typearea)             you'd have to use `paper=a4' there
(typearea)             instead of `a4paper', too.
\ta@hblk=\skip49
\ta@vblk=\skip50
\ta@temp=\skip51
Package typearea Info: These are the values describing the layout:
(typearea)             DIV  = 12
(typearea)             BCOR = 0.0pt
(typearea)             \paperwidth      = 597.50793pt
(typearea)              \textwidth      = 448.13095pt
(typearea)              DIV departure   = -6%
(typearea)              \evensidemargin = 2.4185pt
(typearea)              \oddsidemargin  = 2.4185pt
(typearea)             \paperheight     = 845.04694pt
(typearea)              \textheight     = 635.5pt
(typearea)              \topmargin      = -41.72441pt
(typearea)              \headheight     = 18.125pt
(typearea)              \headsep        = 21.75pt
(typearea)              \topskip        = 12.0pt
(typearea)              \footskip       = 50.75pt
(typearea)              \baselineskip   = 14.5pt
(typearea)              on input line 1177.
<<<<<<< HEAD
) (C:\Schrab\Progs\MIKTex\tex\latex\tools\multicol.sty
=======
) ("C:\Program Files\MiKTeX 2.9\tex\latex\tools\multicol.sty"
>>>>>>> Beispiel 2b fertig
Package: multicol 2011/06/27 v1.7a multicolumn formatting (FMi)
\c@tracingmulticols=\count105
\mult@box=\box28
\multicol@leftmargin=\dimen119
\c@unbalance=\count106
\c@collectmore=\count107
\doublecol@number=\count108
\multicoltolerance=\count109
\multicolpretolerance=\count110
\full@width=\dimen120
\page@free=\dimen121
\premulticols=\dimen122
\postmulticols=\dimen123
\multicolsep=\skip52
\multicolbaselineskip=\skip53
\partial@page=\box29
\last@line=\box30
\mult@rightbox=\box31
\mult@grightbox=\box32
\mult@gfirstbox=\box33
\mult@firstbox=\box34
\@tempa=\box35
\@tempa=\box36
\@tempa=\box37
\@tempa=\box38
\@tempa=\box39
\@tempa=\box40
\@tempa=\box41
\@tempa=\box42
\@tempa=\box43
\@tempa=\box44
\@tempa=\box45
\@tempa=\box46
\@tempa=\box47
\@tempa=\box48
\@tempa=\box49
\@tempa=\box50
\@tempa=\box51
\c@columnbadness=\count111
\c@finalcolumnbadness=\count112
\last@try=\dimen124
\multicolovershoot=\dimen125
\multicolundershoot=\dimen126
\mult@nat@firstbox=\box52
\colbreak@box=\box53
\multicol@sort@counter=\count113
)
<<<<<<< HEAD
(C:\Schrab\Progs\MIKTex\tex\latex\amsfonts\amsfonts.sty
Package: amsfonts 2009/06/22 v3.00 Basic AMSFonts support
\symAMSa=\mathgroup4
\symAMSb=\mathgroup5
LaTeX Font Info:    Overwriting math alphabet `\mathfrak' in version `bold'
(Font)                  U/euf/m/n --> U/euf/b/n on input line 96.
)
(C:\Schrab\Progs\MIKTex\tex\latex\mdwtools\syntax.sty
=======
(C:\Users\Lukas\AppData\Roaming\MiKTeX\2.9\tex\latex\mdwtools\syntax.sty
>>>>>>> Beispiel 2b fertig
Package: syntax 1996/05/17 1.07 Syntax typesetting (MDW)
\grammarparsep=\skip54
\grammarindent=\dimen127
\sdstartspace=\skip55
\sdendspace=\skip56
\sdmidskip=\skip57
\sdtokskip=\skip58
\sdfinalskip=\skip59
\sdrulewidth=\dimen128
\sdcirclediam=\dimen129
\sdindent=\dimen130
)
<<<<<<< HEAD
(C:\Schrab\Progs\MIKTex\tex\latex\paralist\paralist.sty
=======
(C:\Users\Lukas\AppData\Roaming\MiKTeX\2.9\tex\latex\paralist\paralist.sty
>>>>>>> Beispiel 2b fertig
Package: paralist 2002/03/18 v2.3b Extended list environments (BS)
\pltopsep=\skip60
\plpartopsep=\skip61
\plitemsep=\skip62
\plparsep=\skip63
\pl@lab=\toks20
)
<<<<<<< HEAD
(C:\Schrab\Progs\MIKTex\tex\latex\pgf\frontendlayer\tikz.sty
(C:\Schrab\Progs\MIKTex\tex\latex\pgf\basiclayer\pgf.sty
(C:\Schrab\Progs\MIKTex\tex\latex\pgf\utilities\pgfrcs.sty
(C:\Schrab\Progs\MIKTex\tex\generic\pgf\utilities\pgfutil-common.tex
\pgfutil@everybye=\toks21
)
(C:\Schrab\Progs\MIKTex\tex\generic\pgf\utilities\pgfutil-latex.def
\pgfutil@abb=\box54

(C:\Schrab\Progs\MIKTex\tex\latex\ms\everyshi.sty
Package: everyshi 2001/05/15 v3.00 EveryShipout Package (MS)
))
(C:\Schrab\Progs\MIKTex\tex\generic\pgf\utilities\pgfrcs.code.tex
=======
(C:\Users\Lukas\AppData\Roaming\MiKTeX\2.9\tex\latex\pgf\frontendlayer\tikz.sty
(C:\Users\Lukas\AppData\Roaming\MiKTeX\2.9\tex\latex\pgf\basiclayer\pgf.sty
(C:\Users\Lukas\AppData\Roaming\MiKTeX\2.9\tex\latex\pgf\utilities\pgfrcs.sty
(C:\Users\Lukas\AppData\Roaming\MiKTeX\2.9\tex\generic\pgf\utilities\pgfutil-co
mmon.tex
\pgfutil@everybye=\toks21
)
(C:\Users\Lukas\AppData\Roaming\MiKTeX\2.9\tex\generic\pgf\utilities\pgfutil-la
tex.def
\pgfutil@abb=\box54
 (C:\Users\Lukas\AppData\Roaming\MiKTeX\2.9\tex\latex\ms\everyshi.sty
Package: everyshi 2001/05/15 v3.00 EveryShipout Package (MS)
))
(C:\Users\Lukas\AppData\Roaming\MiKTeX\2.9\tex\generic\pgf\utilities\pgfrcs.cod
e.tex
>>>>>>> Beispiel 2b fertig
Package: pgfrcs 2010/10/25 v2.10 (rcs-revision 1.24)
))
Package: pgf 2008/01/15 v2.10 (rcs-revision 1.12)

<<<<<<< HEAD
(C:\Schrab\Progs\MIKTex\tex\latex\pgf\basiclayer\pgfcore.sty
(C:\Schrab\Progs\MIKTex\tex\latex\pgf\systemlayer\pgfsys.sty
(C:\Schrab\Progs\MIKTex\tex\generic\pgf\systemlayer\pgfsys.code.tex
Package: pgfsys 2010/06/30 v2.10 (rcs-revision 1.37)

(C:\Schrab\Progs\MIKTex\tex\generic\pgf\utilities\pgfkeys.code.tex
\pgfkeys@pathtoks=\toks22
\pgfkeys@temptoks=\toks23

(C:\Schrab\Progs\MIKTex\tex\generic\pgf\utilities\pgfkeysfiltered.code.tex
=======
(C:\Users\Lukas\AppData\Roaming\MiKTeX\2.9\tex\latex\pgf\basiclayer\pgfcore.sty

(C:\Users\Lukas\AppData\Roaming\MiKTeX\2.9\tex\latex\pgf\systemlayer\pgfsys.sty

(C:\Users\Lukas\AppData\Roaming\MiKTeX\2.9\tex\generic\pgf\systemlayer\pgfsys.c
ode.tex
Package: pgfsys 2010/06/30 v2.10 (rcs-revision 1.37)

(C:\Users\Lukas\AppData\Roaming\MiKTeX\2.9\tex\generic\pgf\utilities\pgfkeys.co
de.tex
\pgfkeys@pathtoks=\toks22
\pgfkeys@temptoks=\toks23

(C:\Users\Lukas\AppData\Roaming\MiKTeX\2.9\tex\generic\pgf\utilities\pgfkeysfil
tered.code.tex
>>>>>>> Beispiel 2b fertig
\pgfkeys@tmptoks=\toks24
))
\pgf@x=\dimen131
\pgf@y=\dimen132
\pgf@xa=\dimen133
\pgf@ya=\dimen134
\pgf@xb=\dimen135
\pgf@yb=\dimen136
\pgf@xc=\dimen137
\pgf@yc=\dimen138
\w@pgf@writea=\write3
\r@pgf@reada=\read1
\c@pgf@counta=\count114
\c@pgf@countb=\count115
\c@pgf@countc=\count116
\c@pgf@countd=\count117

<<<<<<< HEAD
(C:\Schrab\Progs\MIKTex\tex\generic\pgf\systemlayer\pgf.cfg
=======
(C:\Users\Lukas\AppData\Roaming\MiKTeX\2.9\tex\generic\pgf\systemlayer\pgf.cfg
>>>>>>> Beispiel 2b fertig
File: pgf.cfg 2008/05/14  (rcs-revision 1.7)
)
Package pgfsys Info: Driver file for pgf: pgfsys-pdftex.def on input line 900.

<<<<<<< HEAD
(C:\Schrab\Progs\MIKTex\tex\generic\pgf\systemlayer\pgfsys-pdftex.def
File: pgfsys-pdftex.def 2009/05/22  (rcs-revision 1.26)

(C:\Schrab\Progs\MIKTex\tex\generic\pgf\systemlayer\pgfsys-common-pdf.def
File: pgfsys-common-pdf.def 2008/05/19  (rcs-revision 1.10)
)))
(C:\Schrab\Progs\MIKTex\tex\generic\pgf\systemlayer\pgfsyssoftpath.code.tex
=======
(C:\Users\Lukas\AppData\Roaming\MiKTeX\2.9\tex\generic\pgf\systemlayer\pgfsys-p
dftex.def
File: pgfsys-pdftex.def 2009/05/22  (rcs-revision 1.26)

(C:\Users\Lukas\AppData\Roaming\MiKTeX\2.9\tex\generic\pgf\systemlayer\pgfsys-c
ommon-pdf.def
File: pgfsys-common-pdf.def 2008/05/19  (rcs-revision 1.10)
)))
(C:\Users\Lukas\AppData\Roaming\MiKTeX\2.9\tex\generic\pgf\systemlayer\pgfsysso
ftpath.code.tex
>>>>>>> Beispiel 2b fertig
File: pgfsyssoftpath.code.tex 2008/07/18  (rcs-revision 1.7)
\pgfsyssoftpath@smallbuffer@items=\count118
\pgfsyssoftpath@bigbuffer@items=\count119
)
<<<<<<< HEAD
(C:\Schrab\Progs\MIKTex\tex\generic\pgf\systemlayer\pgfsysprotocol.code.tex
File: pgfsysprotocol.code.tex 2006/10/16  (rcs-revision 1.4)
))
(C:\Schrab\Progs\MIKTex\tex\latex\xcolor\xcolor.sty
Package: xcolor 2007/01/21 v2.11 LaTeX color extensions (UK)

(C:\Schrab\Progs\MIKTex\tex\latex\00miktex\color.cfg
=======
(C:\Users\Lukas\AppData\Roaming\MiKTeX\2.9\tex\generic\pgf\systemlayer\pgfsyspr
otocol.code.tex
File: pgfsysprotocol.code.tex 2006/10/16  (rcs-revision 1.4)
))
(C:\Users\Lukas\AppData\Roaming\MiKTeX\2.9\tex\latex\xcolor\xcolor.sty
Package: xcolor 2007/01/21 v2.11 LaTeX color extensions (UK)

("C:\Program Files\MiKTeX 2.9\tex\latex\00miktex\color.cfg"
>>>>>>> Beispiel 2b fertig
File: color.cfg 2007/01/18 v1.5 color configuration of teTeX/TeXLive
)
Package xcolor Info: Driver file: pdftex.def on input line 225.
LaTeX Info: Redefining \color on input line 702.
Package xcolor Info: Model `cmy' substituted by `cmy0' on input line 1337.
Package xcolor Info: Model `hsb' substituted by `rgb' on input line 1341.
Package xcolor Info: Model `RGB' extended on input line 1353.
Package xcolor Info: Model `HTML' substituted by `rgb' on input line 1355.
Package xcolor Info: Model `Hsb' substituted by `hsb' on input line 1356.
Package xcolor Info: Model `tHsb' substituted by `hsb' on input line 1357.
Package xcolor Info: Model `HSB' substituted by `hsb' on input line 1358.
Package xcolor Info: Model `Gray' substituted by `gray' on input line 1359.
Package xcolor Info: Model `wave' substituted by `hsb' on input line 1360.
)
<<<<<<< HEAD
(C:\Schrab\Progs\MIKTex\tex\generic\pgf\basiclayer\pgfcore.code.tex
Package: pgfcore 2010/04/11 v2.10 (rcs-revision 1.7)

(C:\Schrab\Progs\MIKTex\tex\generic\pgf\math\pgfmath.code.tex
(C:\Schrab\Progs\MIKTex\tex\generic\pgf\math\pgfmathcalc.code.tex
(C:\Schrab\Progs\MIKTex\tex\generic\pgf\math\pgfmathutil.code.tex)
(C:\Schrab\Progs\MIKTex\tex\generic\pgf\math\pgfmathparser.code.tex
=======
(C:\Users\Lukas\AppData\Roaming\MiKTeX\2.9\tex\generic\pgf\basiclayer\pgfcore.c
ode.tex
Package: pgfcore 2010/04/11 v2.10 (rcs-revision 1.7)

(C:\Users\Lukas\AppData\Roaming\MiKTeX\2.9\tex\generic\pgf\math\pgfmath.code.te
x
(C:\Users\Lukas\AppData\Roaming\MiKTeX\2.9\tex\generic\pgf\math\pgfmathcalc.cod
e.tex
(C:\Users\Lukas\AppData\Roaming\MiKTeX\2.9\tex\generic\pgf\math\pgfmathutil.cod
e.tex)
(C:\Users\Lukas\AppData\Roaming\MiKTeX\2.9\tex\generic\pgf\math\pgfmathparser.c
ode.tex
>>>>>>> Beispiel 2b fertig
\pgfmath@dimen=\dimen139
\pgfmath@count=\count120
\pgfmath@box=\box55
\pgfmath@toks=\toks25
\pgfmath@stack@operand=\toks26
\pgfmath@stack@operation=\toks27
)
<<<<<<< HEAD
(C:\Schrab\Progs\MIKTex\tex\generic\pgf\math\pgfmathfunctions.code.tex
(C:\Schrab\Progs\MIKTex\tex\generic\pgf\math\pgfmathfunctions.basic.code.tex)
(C:\Schrab\Progs\MIKTex\tex\generic\pgf\math\pgfmathfunctions.trigonometric.cod
e.tex)
(C:\Schrab\Progs\MIKTex\tex\generic\pgf\math\pgfmathfunctions.random.code.tex)
(C:\Schrab\Progs\MIKTex\tex\generic\pgf\math\pgfmathfunctions.comparison.code.t
ex) (C:\Schrab\Progs\MIKTex\tex\generic\pgf\math\pgfmathfunctions.base.code.tex
) (C:\Schrab\Progs\MIKTex\tex\generic\pgf\math\pgfmathfunctions.round.code.tex)
(C:\Schrab\Progs\MIKTex\tex\generic\pgf\math\pgfmathfunctions.misc.code.tex)))
(C:\Schrab\Progs\MIKTex\tex\generic\pgf\math\pgfmathfloat.code.tex
\c@pgfmathroundto@lastzeros=\count121
))
(C:\Schrab\Progs\MIKTex\tex\generic\pgf\basiclayer\pgfcorepoints.code.tex
=======
(C:\Users\Lukas\AppData\Roaming\MiKTeX\2.9\tex\generic\pgf\math\pgfmathfunction
s.code.tex
(C:\Users\Lukas\AppData\Roaming\MiKTeX\2.9\tex\generic\pgf\math\pgfmathfunction
s.basic.code.tex)
(C:\Users\Lukas\AppData\Roaming\MiKTeX\2.9\tex\generic\pgf\math\pgfmathfunction
s.trigonometric.code.tex)
(C:\Users\Lukas\AppData\Roaming\MiKTeX\2.9\tex\generic\pgf\math\pgfmathfunction
s.random.code.tex)
(C:\Users\Lukas\AppData\Roaming\MiKTeX\2.9\tex\generic\pgf\math\pgfmathfunction
s.comparison.code.tex)
(C:\Users\Lukas\AppData\Roaming\MiKTeX\2.9\tex\generic\pgf\math\pgfmathfunction
s.base.code.tex)
(C:\Users\Lukas\AppData\Roaming\MiKTeX\2.9\tex\generic\pgf\math\pgfmathfunction
s.round.code.tex)
(C:\Users\Lukas\AppData\Roaming\MiKTeX\2.9\tex\generic\pgf\math\pgfmathfunction
s.misc.code.tex)))
(C:\Users\Lukas\AppData\Roaming\MiKTeX\2.9\tex\generic\pgf\math\pgfmathfloat.co
de.tex
\c@pgfmathroundto@lastzeros=\count121
))
(C:\Users\Lukas\AppData\Roaming\MiKTeX\2.9\tex\generic\pgf\basiclayer\pgfcorepo
ints.code.tex
>>>>>>> Beispiel 2b fertig
File: pgfcorepoints.code.tex 2010/04/09  (rcs-revision 1.20)
\pgf@picminx=\dimen140
\pgf@picmaxx=\dimen141
\pgf@picminy=\dimen142
\pgf@picmaxy=\dimen143
\pgf@pathminx=\dimen144
\pgf@pathmaxx=\dimen145
\pgf@pathminy=\dimen146
\pgf@pathmaxy=\dimen147
\pgf@xx=\dimen148
\pgf@xy=\dimen149
\pgf@yx=\dimen150
\pgf@yy=\dimen151
\pgf@zx=\dimen152
\pgf@zy=\dimen153
)
<<<<<<< HEAD
(C:\Schrab\Progs\MIKTex\tex\generic\pgf\basiclayer\pgfcorepathconstruct.code.te
x
File: pgfcorepathconstruct.code.tex 2010/08/03  (rcs-revision 1.24)
\pgf@path@lastx=\dimen154
\pgf@path@lasty=\dimen155
) (C:\Schrab\Progs\MIKTex\tex\generic\pgf\basiclayer\pgfcorepathusage.code.tex
File: pgfcorepathusage.code.tex 2008/04/22  (rcs-revision 1.12)
\pgf@shorten@end@additional=\dimen156
\pgf@shorten@start@additional=\dimen157
) (C:\Schrab\Progs\MIKTex\tex\generic\pgf\basiclayer\pgfcorescopes.code.tex
=======
(C:\Users\Lukas\AppData\Roaming\MiKTeX\2.9\tex\generic\pgf\basiclayer\pgfcorepa
thconstruct.code.tex
File: pgfcorepathconstruct.code.tex 2010/08/03  (rcs-revision 1.24)
\pgf@path@lastx=\dimen154
\pgf@path@lasty=\dimen155
)
(C:\Users\Lukas\AppData\Roaming\MiKTeX\2.9\tex\generic\pgf\basiclayer\pgfcorepa
thusage.code.tex
File: pgfcorepathusage.code.tex 2008/04/22  (rcs-revision 1.12)
\pgf@shorten@end@additional=\dimen156
\pgf@shorten@start@additional=\dimen157
)
(C:\Users\Lukas\AppData\Roaming\MiKTeX\2.9\tex\generic\pgf\basiclayer\pgfcoresc
opes.code.tex
>>>>>>> Beispiel 2b fertig
File: pgfcorescopes.code.tex 2010/09/08  (rcs-revision 1.34)
\pgfpic=\box56
\pgf@hbox=\box57
\pgf@layerbox@main=\box58
\pgf@picture@serial@count=\count122
)
<<<<<<< HEAD
(C:\Schrab\Progs\MIKTex\tex\generic\pgf\basiclayer\pgfcoregraphicstate.code.tex
File: pgfcoregraphicstate.code.tex 2008/04/22  (rcs-revision 1.9)
\pgflinewidth=\dimen158
)
(C:\Schrab\Progs\MIKTex\tex\generic\pgf\basiclayer\pgfcoretransformations.code.
tex
=======
(C:\Users\Lukas\AppData\Roaming\MiKTeX\2.9\tex\generic\pgf\basiclayer\pgfcoregr
aphicstate.code.tex
File: pgfcoregraphicstate.code.tex 2008/04/22  (rcs-revision 1.9)
\pgflinewidth=\dimen158
)
(C:\Users\Lukas\AppData\Roaming\MiKTeX\2.9\tex\generic\pgf\basiclayer\pgfcoretr
ansformations.code.tex
>>>>>>> Beispiel 2b fertig
File: pgfcoretransformations.code.tex 2009/06/10  (rcs-revision 1.11)
\pgf@pt@x=\dimen159
\pgf@pt@y=\dimen160
\pgf@pt@temp=\dimen161
<<<<<<< HEAD
) (C:\Schrab\Progs\MIKTex\tex\generic\pgf\basiclayer\pgfcorequick.code.tex
File: pgfcorequick.code.tex 2008/10/09  (rcs-revision 1.3)
)
(C:\Schrab\Progs\MIKTex\tex\generic\pgf\basiclayer\pgfcoreobjects.code.tex
File: pgfcoreobjects.code.tex 2006/10/11  (rcs-revision 1.2)
)
(C:\Schrab\Progs\MIKTex\tex\generic\pgf\basiclayer\pgfcorepathprocessing.code.t
ex
File: pgfcorepathprocessing.code.tex 2008/10/09  (rcs-revision 1.8)
) (C:\Schrab\Progs\MIKTex\tex\generic\pgf\basiclayer\pgfcorearrows.code.tex
File: pgfcorearrows.code.tex 2008/04/23  (rcs-revision 1.11)
)
(C:\Schrab\Progs\MIKTex\tex\generic\pgf\basiclayer\pgfcoreshade.code.tex
=======
)
(C:\Users\Lukas\AppData\Roaming\MiKTeX\2.9\tex\generic\pgf\basiclayer\pgfcorequ
ick.code.tex
File: pgfcorequick.code.tex 2008/10/09  (rcs-revision 1.3)
)
(C:\Users\Lukas\AppData\Roaming\MiKTeX\2.9\tex\generic\pgf\basiclayer\pgfcoreob
jects.code.tex
File: pgfcoreobjects.code.tex 2006/10/11  (rcs-revision 1.2)
)
(C:\Users\Lukas\AppData\Roaming\MiKTeX\2.9\tex\generic\pgf\basiclayer\pgfcorepa
thprocessing.code.tex
File: pgfcorepathprocessing.code.tex 2008/10/09  (rcs-revision 1.8)
)
(C:\Users\Lukas\AppData\Roaming\MiKTeX\2.9\tex\generic\pgf\basiclayer\pgfcorear
rows.code.tex
File: pgfcorearrows.code.tex 2008/04/23  (rcs-revision 1.11)
)
(C:\Users\Lukas\AppData\Roaming\MiKTeX\2.9\tex\generic\pgf\basiclayer\pgfcoresh
ade.code.tex
>>>>>>> Beispiel 2b fertig
File: pgfcoreshade.code.tex 2008/11/23  (rcs-revision 1.13)
\pgf@max=\dimen162
\pgf@sys@shading@range@num=\count123
)
<<<<<<< HEAD
(C:\Schrab\Progs\MIKTex\tex\generic\pgf\basiclayer\pgfcoreimage.code.tex
File: pgfcoreimage.code.tex 2010/03/25  (rcs-revision 1.16)

(C:\Schrab\Progs\MIKTex\tex\generic\pgf\basiclayer\pgfcoreexternal.code.tex
File: pgfcoreexternal.code.tex 2010/09/01  (rcs-revision 1.17)
\pgfexternal@startupbox=\box59
))
(C:\Schrab\Progs\MIKTex\tex\generic\pgf\basiclayer\pgfcorelayers.code.tex
File: pgfcorelayers.code.tex 2010/08/27  (rcs-revision 1.2)
)
(C:\Schrab\Progs\MIKTex\tex\generic\pgf\basiclayer\pgfcoretransparency.code.tex
File: pgfcoretransparency.code.tex 2008/01/17  (rcs-revision 1.2)
) (C:\Schrab\Progs\MIKTex\tex\generic\pgf\basiclayer\pgfcorepatterns.code.tex
File: pgfcorepatterns.code.tex 2009/07/02  (rcs-revision 1.3)
))) (C:\Schrab\Progs\MIKTex\tex\generic\pgf\modules\pgfmoduleshapes.code.tex
File: pgfmoduleshapes.code.tex 2010/09/09  (rcs-revision 1.13)
\pgfnodeparttextbox=\box60
)
(C:\Schrab\Progs\MIKTex\tex\generic\pgf\modules\pgfmoduleplot.code.tex
File: pgfmoduleplot.code.tex 2010/10/22  (rcs-revision 1.8)
)
(C:\Schrab\Progs\MIKTex\tex\latex\pgf\compatibility\pgfcomp-version-0-65.sty
=======
(C:\Users\Lukas\AppData\Roaming\MiKTeX\2.9\tex\generic\pgf\basiclayer\pgfcoreim
age.code.tex
File: pgfcoreimage.code.tex 2010/03/25  (rcs-revision 1.16)

(C:\Users\Lukas\AppData\Roaming\MiKTeX\2.9\tex\generic\pgf\basiclayer\pgfcoreex
ternal.code.tex
File: pgfcoreexternal.code.tex 2010/09/01  (rcs-revision 1.17)
\pgfexternal@startupbox=\box59
))
(C:\Users\Lukas\AppData\Roaming\MiKTeX\2.9\tex\generic\pgf\basiclayer\pgfcorela
yers.code.tex
File: pgfcorelayers.code.tex 2010/08/27  (rcs-revision 1.2)
)
(C:\Users\Lukas\AppData\Roaming\MiKTeX\2.9\tex\generic\pgf\basiclayer\pgfcoretr
ansparency.code.tex
File: pgfcoretransparency.code.tex 2008/01/17  (rcs-revision 1.2)
)
(C:\Users\Lukas\AppData\Roaming\MiKTeX\2.9\tex\generic\pgf\basiclayer\pgfcorepa
tterns.code.tex
File: pgfcorepatterns.code.tex 2009/07/02  (rcs-revision 1.3)
)))
(C:\Users\Lukas\AppData\Roaming\MiKTeX\2.9\tex\generic\pgf\modules\pgfmodulesha
pes.code.tex
File: pgfmoduleshapes.code.tex 2010/09/09  (rcs-revision 1.13)
\pgfnodeparttextbox=\box60
)
(C:\Users\Lukas\AppData\Roaming\MiKTeX\2.9\tex\generic\pgf\modules\pgfmoduleplo
t.code.tex
File: pgfmoduleplot.code.tex 2010/10/22  (rcs-revision 1.8)
)
(C:\Users\Lukas\AppData\Roaming\MiKTeX\2.9\tex\latex\pgf\compatibility\pgfcomp-
version-0-65.sty
>>>>>>> Beispiel 2b fertig
Package: pgfcomp-version-0-65 2007/07/03 v2.10 (rcs-revision 1.7)
\pgf@nodesepstart=\dimen163
\pgf@nodesepend=\dimen164
)
<<<<<<< HEAD
(C:\Schrab\Progs\MIKTex\tex\latex\pgf\compatibility\pgfcomp-version-1-18.sty
Package: pgfcomp-version-1-18 2007/07/23 v2.10 (rcs-revision 1.1)
))
(C:\Schrab\Progs\MIKTex\tex\latex\pgf\utilities\pgffor.sty
(C:\Schrab\Progs\MIKTex\tex\latex\pgf\utilities\pgfkeys.sty
(C:\Schrab\Progs\MIKTex\tex\generic\pgf\utilities\pgfkeys.code.tex))
(C:\Schrab\Progs\MIKTex\tex\generic\pgf\utilities\pgffor.code.tex
=======
(C:\Users\Lukas\AppData\Roaming\MiKTeX\2.9\tex\latex\pgf\compatibility\pgfcomp-
version-1-18.sty
Package: pgfcomp-version-1-18 2007/07/23 v2.10 (rcs-revision 1.1)
))
(C:\Users\Lukas\AppData\Roaming\MiKTeX\2.9\tex\latex\pgf\utilities\pgffor.sty
(C:\Users\Lukas\AppData\Roaming\MiKTeX\2.9\tex\latex\pgf\utilities\pgfkeys.sty
(C:\Users\Lukas\AppData\Roaming\MiKTeX\2.9\tex\generic\pgf\utilities\pgfkeys.co
de.tex))
(C:\Users\Lukas\AppData\Roaming\MiKTeX\2.9\tex\generic\pgf\utilities\pgffor.cod
e.tex
>>>>>>> Beispiel 2b fertig
Package: pgffor 2010/03/23 v2.10 (rcs-revision 1.18)
\pgffor@iter=\dimen165
\pgffor@skip=\dimen166
\pgffor@stack=\toks28
\pgffor@toks=\toks29
))
<<<<<<< HEAD
(C:\Schrab\Progs\MIKTex\tex\generic\pgf\frontendlayer\tikz\tikz.code.tex
Package: tikz 2010/10/13 v2.10 (rcs-revision 1.76)

(C:\Schrab\Progs\MIKTex\tex\generic\pgf\libraries\pgflibraryplothandlers.code.t
ex
=======
(C:\Users\Lukas\AppData\Roaming\MiKTeX\2.9\tex\generic\pgf\frontendlayer\tikz\t
ikz.code.tex
Package: tikz 2010/10/13 v2.10 (rcs-revision 1.76)

(C:\Users\Lukas\AppData\Roaming\MiKTeX\2.9\tex\generic\pgf\libraries\pgflibrary
plothandlers.code.tex
>>>>>>> Beispiel 2b fertig
File: pgflibraryplothandlers.code.tex 2010/05/31 v2.10 (rcs-revision 1.15)
\pgf@plot@mark@count=\count124
\pgfplotmarksize=\dimen167
)
\tikz@lastx=\dimen168
\tikz@lasty=\dimen169
\tikz@lastxsaved=\dimen170
\tikz@lastysaved=\dimen171
\tikzleveldistance=\dimen172
\tikzsiblingdistance=\dimen173
\tikz@figbox=\box61
\tikz@tempbox=\box62
\tikztreelevel=\count125
\tikznumberofchildren=\count126
\tikznumberofcurrentchild=\count127
\tikz@fig@count=\count128
<<<<<<< HEAD
 (C:\Schrab\Progs\MIKTex\tex\generic\pgf\modules\pgfmodulematrix.code.tex
=======

(C:\Users\Lukas\AppData\Roaming\MiKTeX\2.9\tex\generic\pgf\modules\pgfmodulemat
rix.code.tex
>>>>>>> Beispiel 2b fertig
File: pgfmodulematrix.code.tex 2010/08/24  (rcs-revision 1.4)
\pgfmatrixcurrentrow=\count129
\pgfmatrixcurrentcolumn=\count130
\pgf@matrix@numberofcolumns=\count131
)
\tikz@expandcount=\count132

<<<<<<< HEAD
(C:\Schrab\Progs\MIKTex\tex\generic\pgf\frontendlayer\tikz\libraries\tikzlibrar
ytopaths.code.tex
File: tikzlibrarytopaths.code.tex 2008/06/17 v2.10 (rcs-revision 1.2)
)))
(C:\Schrab\Progs\MIKTex\tex\generic\pgf\frontendlayer\tikz\libraries\tikzlibrar
yshapes.code.tex
File: tikzlibraryshapes.code.tex 2008/01/09 v2.10 (rcs-revision 1.1)

(C:\Schrab\Progs\MIKTex\tex\generic\pgf\frontendlayer\tikz\libraries\tikzlibrar
yshapes.geometric.code.tex
File: tikzlibraryshapes.geometric.code.tex 2008/01/09 v2.10 (rcs-revision 1.1)

(C:\Schrab\Progs\MIKTex\tex\generic\pgf\libraries\shapes\pgflibraryshapes.geome
tric.code.tex
File: pgflibraryshapes.geometric.code.tex 2008/06/26 v2.10 (rcs-revision 1.1)
))
(C:\Schrab\Progs\MIKTex\tex\generic\pgf\frontendlayer\tikz\libraries\tikzlibrar
yshapes.misc.code.tex
File: tikzlibraryshapes.misc.code.tex 2008/01/09 v2.10 (rcs-revision 1.1)

(C:\Schrab\Progs\MIKTex\tex\generic\pgf\libraries\shapes\pgflibraryshapes.misc.
code.tex
File: pgflibraryshapes.misc.code.tex 2008/10/07 v2.10 (rcs-revision 1.3)
))
(C:\Schrab\Progs\MIKTex\tex\generic\pgf\frontendlayer\tikz\libraries\tikzlibrar
yshapes.symbols.code.tex
File: tikzlibraryshapes.symbols.code.tex 2008/01/09 v2.10 (rcs-revision 1.1)

(C:\Schrab\Progs\MIKTex\tex\generic\pgf\libraries\shapes\pgflibraryshapes.symbo
ls.code.tex
File: pgflibraryshapes.symbols.code.tex 2009/10/27 v2.10 (rcs-revision 1.3)
))
(C:\Schrab\Progs\MIKTex\tex\generic\pgf\frontendlayer\tikz\libraries\tikzlibrar
yshapes.arrows.code.tex
File: tikzlibraryshapes.arrows.code.tex 2008/01/09 v2.10 (rcs-revision 1.1)

(C:\Schrab\Progs\MIKTex\tex\generic\pgf\libraries\shapes\pgflibraryshapes.arrow
s.code.tex
File: pgflibraryshapes.arrows.code.tex 2008/06/26 v2.10 (rcs-revision 1.1)
))
(C:\Schrab\Progs\MIKTex\tex\generic\pgf\frontendlayer\tikz\libraries\tikzlibrar
yshapes.callouts.code.tex
(C:\Schrab\Progs\MIKTex\tex\generic\pgf\libraries\shapes\pgflibraryshapes.callo
uts.code.tex))
(C:\Schrab\Progs\MIKTex\tex\generic\pgf\frontendlayer\tikz\libraries\tikzlibrar
yshapes.multipart.code.tex
File: tikzlibraryshapes.multipart.code.tex 2008/01/09 v2.10 (rcs-revision 1.1)

(C:\Schrab\Progs\MIKTex\tex\generic\pgf\libraries\shapes\pgflibraryshapes.multi
part.code.tex
=======
(C:\Users\Lukas\AppData\Roaming\MiKTeX\2.9\tex\generic\pgf\frontendlayer\tikz\l
ibraries\tikzlibrarytopaths.code.tex
File: tikzlibrarytopaths.code.tex 2008/06/17 v2.10 (rcs-revision 1.2)
)))
(C:\Users\Lukas\AppData\Roaming\MiKTeX\2.9\tex\generic\pgf\frontendlayer\tikz\l
ibraries\tikzlibraryshapes.code.tex
File: tikzlibraryshapes.code.tex 2008/01/09 v2.10 (rcs-revision 1.1)

(C:\Users\Lukas\AppData\Roaming\MiKTeX\2.9\tex\generic\pgf\frontendlayer\tikz\l
ibraries\tikzlibraryshapes.geometric.code.tex
File: tikzlibraryshapes.geometric.code.tex 2008/01/09 v2.10 (rcs-revision 1.1)

(C:\Users\Lukas\AppData\Roaming\MiKTeX\2.9\tex\generic\pgf\libraries\shapes\pgf
libraryshapes.geometric.code.tex
File: pgflibraryshapes.geometric.code.tex 2008/06/26 v2.10 (rcs-revision 1.1)
))
(C:\Users\Lukas\AppData\Roaming\MiKTeX\2.9\tex\generic\pgf\frontendlayer\tikz\l
ibraries\tikzlibraryshapes.misc.code.tex
File: tikzlibraryshapes.misc.code.tex 2008/01/09 v2.10 (rcs-revision 1.1)

(C:\Users\Lukas\AppData\Roaming\MiKTeX\2.9\tex\generic\pgf\libraries\shapes\pgf
libraryshapes.misc.code.tex
File: pgflibraryshapes.misc.code.tex 2008/10/07 v2.10 (rcs-revision 1.3)
))
(C:\Users\Lukas\AppData\Roaming\MiKTeX\2.9\tex\generic\pgf\frontendlayer\tikz\l
ibraries\tikzlibraryshapes.symbols.code.tex
File: tikzlibraryshapes.symbols.code.tex 2008/01/09 v2.10 (rcs-revision 1.1)

(C:\Users\Lukas\AppData\Roaming\MiKTeX\2.9\tex\generic\pgf\libraries\shapes\pgf
libraryshapes.symbols.code.tex
File: pgflibraryshapes.symbols.code.tex 2009/10/27 v2.10 (rcs-revision 1.3)
))
(C:\Users\Lukas\AppData\Roaming\MiKTeX\2.9\tex\generic\pgf\frontendlayer\tikz\l
ibraries\tikzlibraryshapes.arrows.code.tex
File: tikzlibraryshapes.arrows.code.tex 2008/01/09 v2.10 (rcs-revision 1.1)

(C:\Users\Lukas\AppData\Roaming\MiKTeX\2.9\tex\generic\pgf\libraries\shapes\pgf
libraryshapes.arrows.code.tex
File: pgflibraryshapes.arrows.code.tex 2008/06/26 v2.10 (rcs-revision 1.1)
))
(C:\Users\Lukas\AppData\Roaming\MiKTeX\2.9\tex\generic\pgf\frontendlayer\tikz\l
ibraries\tikzlibraryshapes.callouts.code.tex
(C:\Users\Lukas\AppData\Roaming\MiKTeX\2.9\tex\generic\pgf\libraries\shapes\pgf
libraryshapes.callouts.code.tex))
(C:\Users\Lukas\AppData\Roaming\MiKTeX\2.9\tex\generic\pgf\frontendlayer\tikz\l
ibraries\tikzlibraryshapes.multipart.code.tex
File: tikzlibraryshapes.multipart.code.tex 2008/01/09 v2.10 (rcs-revision 1.1)

(C:\Users\Lukas\AppData\Roaming\MiKTeX\2.9\tex\generic\pgf\libraries\shapes\pgf
libraryshapes.multipart.code.tex
>>>>>>> Beispiel 2b fertig
File: pgflibraryshapes.multipart.code.tex 2010/01/07 v2.10 (rcs-revision 1.2)
\pgfnodepartlowerbox=\box63
\pgfnodeparttwobox=\box64
\pgfnodepartthreebox=\box65
\pgfnodepartfourbox=\box66
\pgfnodeparttwentybox=\box67
\pgfnodepartnineteenbox=\box68
\pgfnodeparteighteenbox=\box69
\pgfnodepartseventeenbox=\box70
\pgfnodepartsixteenbox=\box71
\pgfnodepartfifteenbox=\box72
\pgfnodepartfourteenbox=\box73
\pgfnodepartthirteenbox=\box74
\pgfnodeparttwelvebox=\box75
\pgfnodepartelevenbox=\box76
\pgfnodeparttenbox=\box77
\pgfnodepartninebox=\box78
\pgfnodeparteightbox=\box79
\pgfnodepartsevenbox=\box80
\pgfnodepartsixbox=\box81
\pgfnodepartfivebox=\box82
)))
<<<<<<< HEAD
(C:\Schrab\Progs\MIKTex\tex\generic\pgf\frontendlayer\tikz\libraries\tikzlibrar
ysnakes.code.tex
=======
(C:\Users\Lukas\AppData\Roaming\MiKTeX\2.9\tex\generic\pgf\frontendlayer\tikz\l
ibraries\tikzlibrarysnakes.code.tex
>>>>>>> Beispiel 2b fertig
File: tikzlibrarysnakes.code.tex 2008/02/05 v2.10 (rcs-revision 1.6)


Package tikz Warning: Snakes have been superseded by decorations. Please use th
e decoration libraries instead of the snakes library on input line 14.


<<<<<<< HEAD
(C:\Schrab\Progs\MIKTex\tex\generic\pgf\frontendlayer\tikz\libraries\tikzlibrar
ydecorations.pathmorphing.code.tex
(C:\Schrab\Progs\MIKTex\tex\generic\pgf\frontendlayer\tikz\libraries\tikzlibrar
ydecorations.code.tex
(C:\Schrab\Progs\MIKTex\tex\generic\pgf\modules\pgfmoduledecorations.code.tex
=======
(C:\Users\Lukas\AppData\Roaming\MiKTeX\2.9\tex\generic\pgf\frontendlayer\tikz\l
ibraries\tikzlibrarydecorations.pathmorphing.code.tex
(C:\Users\Lukas\AppData\Roaming\MiKTeX\2.9\tex\generic\pgf\frontendlayer\tikz\l
ibraries\tikzlibrarydecorations.code.tex
(C:\Users\Lukas\AppData\Roaming\MiKTeX\2.9\tex\generic\pgf\modules\pgfmoduledec
orations.code.tex
>>>>>>> Beispiel 2b fertig
\pgfdecoratedcompleteddistance=\dimen174
\pgfdecoratedremainingdistance=\dimen175
\pgfdecoratedinputsegmentcompleteddistance=\dimen176
\pgfdecoratedinputsegmentremainingdistance=\dimen177
\pgf@decorate@distancetomove=\dimen178
\pgf@decorate@repeatstate=\count133
\pgfdecorationsegmentamplitude=\dimen179
\pgfdecorationsegmentlength=\dimen180
)
\tikz@lib@dec@box=\box83
)
<<<<<<< HEAD
(C:\Schrab\Progs\MIKTex\tex\generic\pgf\libraries\decorations\pgflibrarydecorat
ions.pathmorphing.code.tex))
(C:\Schrab\Progs\MIKTex\tex\generic\pgf\frontendlayer\tikz\libraries\tikzlibrar
ydecorations.pathreplacing.code.tex
(C:\Schrab\Progs\MIKTex\tex\generic\pgf\libraries\decorations\pgflibrarydecorat
ions.pathreplacing.code.tex))
(C:\Schrab\Progs\MIKTex\tex\generic\pgf\frontendlayer\tikz\libraries\tikzlibrar
ydecorations.shapes.code.tex
(C:\Schrab\Progs\MIKTex\tex\generic\pgf\libraries\decorations\pgflibrarydecorat
ions.shapes.code.tex))) (C:\Schrab\Progs\MIKTex\tex\latex\ltxmisc\url.sty
\Urlmuskip=\muskip11
Package: url 2006/04/12  ver 3.3  Verb mode for urls, etc.
)
(C:\Schrab\Progs\MIKTex\tex\latex\tools\xspace.sty
Package: xspace 2009/10/20 v1.13 Space after command names (DPC,MH)
)
(C:\Schrab\Progs\MIKTex\tex\latex\listings\listings.sty
=======
(C:\Users\Lukas\AppData\Roaming\MiKTeX\2.9\tex\generic\pgf\libraries\decoration
s\pgflibrarydecorations.pathmorphing.code.tex))
(C:\Users\Lukas\AppData\Roaming\MiKTeX\2.9\tex\generic\pgf\frontendlayer\tikz\l
ibraries\tikzlibrarydecorations.pathreplacing.code.tex
(C:\Users\Lukas\AppData\Roaming\MiKTeX\2.9\tex\generic\pgf\libraries\decoration
s\pgflibrarydecorations.pathreplacing.code.tex))
(C:\Users\Lukas\AppData\Roaming\MiKTeX\2.9\tex\generic\pgf\frontendlayer\tikz\l
ibraries\tikzlibrarydecorations.shapes.code.tex
(C:\Users\Lukas\AppData\Roaming\MiKTeX\2.9\tex\generic\pgf\libraries\decoration
s\pgflibrarydecorations.shapes.code.tex)))
("C:\Program Files\MiKTeX 2.9\tex\latex\ltxmisc\url.sty"
\Urlmuskip=\muskip11
Package: url 2006/04/12  ver 3.3  Verb mode for urls, etc.
)
("C:\Program Files\MiKTeX 2.9\tex\latex\tools\xspace.sty"
Package: xspace 2009/10/20 v1.13 Space after command names (DPC,MH)
)
(C:\Users\Lukas\AppData\Roaming\MiKTeX\2.9\tex\latex\listings\listings.sty
>>>>>>> Beispiel 2b fertig
\lst@mode=\count134
\lst@gtempboxa=\box84
\lst@token=\toks30
\lst@length=\count135
\lst@currlwidth=\dimen181
\lst@column=\count136
\lst@pos=\count137
\lst@lostspace=\dimen182
\lst@width=\dimen183
\lst@newlines=\count138
\lst@lineno=\count139
\lst@maxwidth=\dimen184

<<<<<<< HEAD
(C:\Schrab\Progs\MIKTex\tex\latex\listings\lstmisc.sty
=======
(C:\Users\Lukas\AppData\Roaming\MiKTeX\2.9\tex\latex\listings\lstmisc.sty
>>>>>>> Beispiel 2b fertig
File: lstmisc.sty 2007/02/22 1.4 (Carsten Heinz)
\c@lstnumber=\count140
\lst@skipnumbers=\count141
\lst@framebox=\box85
)
<<<<<<< HEAD
(C:\Schrab\Progs\MIKTex\tex\latex\listings\listings.cfg
=======
(C:\Users\Lukas\AppData\Roaming\MiKTeX\2.9\tex\latex\listings\listings.cfg
>>>>>>> Beispiel 2b fertig
File: listings.cfg 2007/02/22 1.4 listings configuration
))
Package: listings 2007/02/22 1.4 (Carsten Heinz)

<<<<<<< HEAD
(C:\Users\Schrabauke\Desktop\UNI\repo\FMI\abgabe4\fvsw.sty
(C:\Users\Schrabauke\Desktop\UNI\repo\FMI\abgabe4\gslist.sty
=======
(C:\Users\Lukas\Dropbox\Uni\FMI\git\FMI\abgabe4\fvsw.sty
(C:\Users\Lukas\Dropbox\Uni\FMI\git\FMI\abgabe4\gslist.sty
>>>>>>> Beispiel 2b fertig
Package: gslist 2000/05/24
\g@ta=\toks31
\g@tb=\toks32
)
<<<<<<< HEAD
(C:\Users\Schrabauke\Desktop\UNI\repo\FMI\abgabe4\ulem.sty
=======
(C:\Users\Lukas\Dropbox\Uni\FMI\git\FMI\abgabe4\ulem.sty
>>>>>>> Beispiel 2b fertig
\UL@box=\box86
\UL@hyphenbox=\box87
\UL@skip=\skip64
\UL@hook=\toks33
\UL@height=\dimen185
\UL@pe=\count142
\UL@pixel=\dimen186
\ULC@box=\box88
Package: ulem 2011/03/18
\ULdepth=\dimen187
)
<<<<<<< HEAD
(C:\Schrab\Progs\MIKTex\tex\latex\lkproof\proof.sty
=======
(C:\Users\Lukas\AppData\Roaming\MiKTeX\2.9\tex\latex\lkproof\proof.sty
>>>>>>> Beispiel 2b fertig
\inferLineSkip=\dimen188
\inferLabelSkip=\dimen189
\@LeftOffset=\dimen190
\@RightOffset=\dimen191
\@SavedLeftOffset=\dimen192
\UpperWidth=\dimen193
\LowerWidth=\dimen194
\LowerHeight=\dimen195
\UpperLeftOffset=\dimen196
\UpperRightOffset=\dimen197
\UpperCenter=\dimen198
\LowerCenter=\dimen199
\UpperAdjust=\dimen200
\RuleAdjust=\dimen201
\LowerAdjust=\dimen202
\RuleWidth=\dimen203
\HLabelAdjust=\dimen204
\VLabelAdjust=\dimen205
\WidthAdjust=\dimen206
\@UpperPart=\box89
\@LowerPart=\box90
\@LabelPart=\box91
\ResultBox=\box92
)
\ALGwidth=\skip65
)
<<<<<<< HEAD
(C:\Schrab\Progs\MIKTex\tex\latex\tools\tabularx.sty
Package: tabularx 1999/01/07 v2.07 `tabularx' package (DPC)

(C:\Schrab\Progs\MIKTex\tex\latex\tools\array.sty
=======
("C:\Program Files\MiKTeX 2.9\tex\latex\tools\tabularx.sty"
Package: tabularx 1999/01/07 v2.07 `tabularx' package (DPC)

("C:\Program Files\MiKTeX 2.9\tex\latex\tools\array.sty"
>>>>>>> Beispiel 2b fertig
Package: array 2008/09/09 v2.4c Tabular extension package (FMi)
\col@sep=\dimen207
\extrarowheight=\dimen208
\NC@list=\toks34
\extratabsurround=\skip66
\backup@length=\skip67
)
\TX@col@width=\dimen209
\TX@old@table=\dimen210
\TX@old@col=\dimen211
\TX@target=\dimen212
\TX@delta=\dimen213
\TX@cols=\count143
\TX@ftn=\toks35
<<<<<<< HEAD
) (./block4.aux)
\openout1 = `block4.aux'.

LaTeX Font Info:    Checking defaults for OML/cmm/m/it on input line 30.
LaTeX Font Info:    ... okay on input line 30.
LaTeX Font Info:    Checking defaults for T1/cmr/m/n on input line 30.
LaTeX Font Info:    ... okay on input line 30.
LaTeX Font Info:    Checking defaults for OT1/cmr/m/n on input line 30.
LaTeX Font Info:    ... okay on input line 30.
LaTeX Font Info:    Checking defaults for OMS/cmsy/m/n on input line 30.
LaTeX Font Info:    ... okay on input line 30.
LaTeX Font Info:    Checking defaults for OMX/cmex/m/n on input line 30.
LaTeX Font Info:    ... okay on input line 30.
LaTeX Font Info:    Checking defaults for U/cmr/m/n on input line 30.
LaTeX Font Info:    ... okay on input line 30.
=======
)
<<<<<<< HEAD
(C:\Users\Schrabauke\Desktop\UNI\repo\FMI\abgabe4\block4.aux)
LaTeX Font Info:    Checking defaults for OML/cmm/m/it on input line 29.
LaTeX Font Info:    ... okay on input line 29.
LaTeX Font Info:    Checking defaults for T1/cmr/m/n on input line 29.
LaTeX Font Info:    ... okay on input line 29.
LaTeX Font Info:    Checking defaults for OT1/cmr/m/n on input line 29.
LaTeX Font Info:    ... okay on input line 29.
LaTeX Font Info:    Checking defaults for OMS/cmsy/m/n on input line 29.
LaTeX Font Info:    ... okay on input line 29.
LaTeX Font Info:    Checking defaults for OMX/cmex/m/n on input line 29.
LaTeX Font Info:    ... okay on input line 29.
LaTeX Font Info:    Checking defaults for U/cmr/m/n on input line 29.
LaTeX Font Info:    ... okay on input line 29.
>>>>>>> 9262e6753c31105bfe8bd6a3b357cbfcb97337bd

(C:\Schrab\Progs\MIKTex\tex\context\base\supp-pdf.mkii
=======
(C:\Users\Lukas\Dropbox\Uni\FMI\git\FMI\abgabe4\block4.aux)
LaTeX Font Info:    Checking defaults for OML/cmm/m/it on input line 30.
LaTeX Font Info:    ... okay on input line 30.
LaTeX Font Info:    Checking defaults for T1/cmr/m/n on input line 30.
LaTeX Font Info:    ... okay on input line 30.
LaTeX Font Info:    Checking defaults for OT1/cmr/m/n on input line 30.
LaTeX Font Info:    ... okay on input line 30.
LaTeX Font Info:    Checking defaults for OMS/cmsy/m/n on input line 30.
LaTeX Font Info:    ... okay on input line 30.
LaTeX Font Info:    Checking defaults for OMX/cmex/m/n on input line 30.
LaTeX Font Info:    ... okay on input line 30.
LaTeX Font Info:    Checking defaults for U/cmr/m/n on input line 30.
LaTeX Font Info:    ... okay on input line 30.

(C:\Users\Lukas\AppData\Roaming\MiKTeX\2.9\tex\context\base\supp-pdf.mkii
>>>>>>> Beispiel 2b fertig
[Loading MPS to PDF converter (version 2006.09.02).]
\scratchcounter=\count144
\scratchdimen=\dimen214
\scratchbox=\box93
\nofMPsegments=\count145
\nofMParguments=\count146
\everyMPshowfont=\toks36
\MPscratchCnt=\count147
\MPscratchDim=\dimen215
\MPnumerator=\count148
\makeMPintoPDFobject=\count149
\everyMPtoPDFconversion=\toks37
) ABD: EveryShipout initializing macros
\c@lstlisting=\count150

<<<<<<< HEAD
(/usr/share/texlive/texmf-dist/tex/latex/amsfonts/umsa.fd)
(/usr/share/texlive/texmf-dist/tex/latex/amsfonts/umsb.fd) (./actl_ltl.tex
Underfull \hbox (badness 10000) in paragraph at lines 40--227
=======
<<<<<<< HEAD
(C:\Schrab\Progs\MIKTex\tex\latex\amsfonts\umsa.fd)
(C:\Schrab\Progs\MIKTex\tex\latex\amsfonts\umsb.fd)
(C:\Users\Schrabauke\Desktop\UNI\repo\FMI\abgabe4\actl_ltl.tex
=======
("C:\Program Files\MiKTeX 2.9\tex\latex\amsfonts\umsa.fd")
("C:\Program Files\MiKTeX 2.9\tex\latex\amsfonts\umsb.fd")
(C:\Users\Lukas\Dropbox\Uni\FMI\git\FMI\abgabe4\actl_ltl.tex
>>>>>>> Beispiel 2b fertig
Underfull \hbox (badness 10000) in paragraph at lines 39--70
>>>>>>> 9262e6753c31105bfe8bd6a3b357cbfcb97337bd

 []

[1

<<<<<<< HEAD
{/var/lib/texmf/fonts/map/pdftex/updmap/pdftex.map}]
Overfull \hbox (21.61282pt too wide) in paragraph at lines 230--241
[][] 
 []


Underfull \hbox (badness 10000) in paragraph at lines 249--250

 []


Underfull \hbox (badness 10000) in paragraph at lines 251--256

 []

Missing character: There is no ; in font nullfont!
Missing character: There is no ; in font nullfont!
[2]) [3] (./LTL.tex
Missing character: There is no ; in font nullfont!
Missing character: There is no ; in font nullfont!
LaTeX Font Info:    Try loading font information for OMS+cmr on input line 64.
 (/usr/share/texlive/texmf-dist/tex/latex/base/omscmr.fd
=======
<<<<<<< HEAD
{C:/Users/Schrabauke/AppData/Local/MiKTeX/2.9/pdftex/config/pdftex.map}]
[2] [3]) [4] (C:\Users\Schrabauke\Desktop\UNI\repo\FMI\abgabe4\LTL.tex
Missing character: There is no ; in font nullfont!
Missing character: There is no ; in font nullfont!
LaTeX Font Info:    Try loading font information for OMS+cmr on input line 64.

(C:\Schrab\Progs\MIKTex\tex\latex\base\omscmr.fd
>>>>>>> 9262e6753c31105bfe8bd6a3b357cbfcb97337bd
File: omscmr.fd 1999/05/25 v2.5h Standard LaTeX font definitions
)
LaTeX Font Info:    Font shape `OMS/cmr/m/n' in size <12> not available
(Font)              Font shape `OMS/cmsy/m/n' tried instead on input line 64.
<<<<<<< HEAD
)
[4] (./simulation.tex
=======
) [5]
(C:\Users\Schrabauke\Desktop\UNI\repo\FMI\abgabe4\simulation.tex
=======
{C:/Users/Lukas/AppData/Local/MiKTeX/2.9/pdftex/config/pdftex.map}] [2]
[3]) [4] (C:\Users\Lukas\Dropbox\Uni\FMI\git\FMI\abgabe4\LTL.tex
Underfull \hbox (badness 10000) in paragraph at lines 18--36

 []


Underfull \hbox (badness 10000) in paragraph at lines 18--36

 []


Underfull \hbox (badness 10000) in paragraph at lines 18--36

 []


Underfull \hbox (badness 10000) in paragraph at lines 18--36

 []


Underfull \hbox (badness 10000) in paragraph at lines 18--36

 []


Underfull \hbox (badness 10000) in paragraph at lines 18--36

 []


Underfull \hbox (badness 10000) in paragraph at lines 18--36

 []

LaTeX Font Info:    Try loading font information for OMS+cmr on input line 42.
("C:\Program Files\MiKTeX 2.9\tex\latex\base\omscmr.fd"
File: omscmr.fd 1999/05/25 v2.5h Standard LaTeX font definitions
)
LaTeX Font Info:    Font shape `OMS/cmr/m/n' in size <12> not available
(Font)              Font shape `OMS/cmsy/m/n' tried instead on input line 42.
) [5]
(C:\Users\Lukas\Dropbox\Uni\FMI\git\FMI\abgabe4\simulation.tex
>>>>>>> Beispiel 2b fertig
>>>>>>> 9262e6753c31105bfe8bd6a3b357cbfcb97337bd
Missing character: There is no ; in font nullfont!
Missing character: There is no ; in font nullfont!
Missing character: There is no ; in font nullfont!
Missing character: There is no ; in font nullfont!
<<<<<<< HEAD
) [5] (./prog_simulation.tex
=======
) [6]
<<<<<<< HEAD
(C:\Users\Schrabauke\Desktop\UNI\repo\FMI\abgabe4\prog_simulation.tex
=======
(C:\Users\Lukas\Dropbox\Uni\FMI\git\FMI\abgabe4\prog_simulation.tex
>>>>>>> Beispiel 2b fertig
>>>>>>> 9262e6753c31105bfe8bd6a3b357cbfcb97337bd
Missing character: There is no ; in font nullfont!
Missing character: There is no ; in font nullfont!
 [6]
Missing character: There is no ; in font nullfont!
Missing character: There is no ; in font nullfont!
Missing character: There is no ; in font nullfont!
Missing character: There is no ; in font nullfont!
Missing character: There is no ; in font nullfont!
Missing character: There is no ; in font nullfont!
<<<<<<< HEAD
 [7]
=======

[8]
>>>>>>> 9262e6753c31105bfe8bd6a3b357cbfcb97337bd
Missing character: There is no ; in font nullfont!
Missing character: There is no ; in font nullfont!

Overfull \hbox (1.62648pt too wide) detected at line 193
\OML/cmm/m/it/12 H[] \OT1/cmr/m/n/12 = \OMS/cmsy/m/n/12 f\OT1/cmr/m/n/12 (\OML/
cmm/m/it/12 s[]; u[]\OT1/cmr/m/n/12 )\OML/cmm/m/it/12 ; \OT1/cmr/m/n/12 (\OML/c
mm/m/it/12 s[]; u[]\OT1/cmr/m/n/12 )\OML/cmm/m/it/12 ; \OT1/cmr/m/n/12 (\OML/cm
m/m/it/12 s[]; u[]\OT1/cmr/m/n/12 )\OML/cmm/m/it/12 ; \OT1/cmr/m/n/12 (\OML/cmm
/m/it/12 s[]; u[]\OT1/cmr/m/n/12 )\OML/cmm/m/it/12 ; \OT1/cmr/m/n/12 (\OML/cmm/
m/it/12 s[]; u[]\OT1/cmr/m/n/12 )\OML/cmm/m/it/12 ; \OT1/cmr/m/n/12 (\OML/cmm/m
/it/12 s[]; u[]\OT1/cmr/m/n/12 )\OML/cmm/m/it/12 ; \OT1/cmr/m/n/12 (\OML/cmm/m/
it/12 s[]; u[]\OT1/cmr/m/n/12 )\OML/cmm/m/it/12 ; \OT1/cmr/m/n/12 (\OML/cmm/m/i
t/12 s[]; u[]\OT1/cmr/m/n/12 )\OML/cmm/m/it/12 ; \OT1/cmr/m/n/12 (\OML/cmm/m/it
/12 s[]; u[]\OT1/cmr/m/n/12 )\OML/cmm/m/it/12 ; \OT1/cmr/m/n/12 (\OML/cmm/m/it/
12 s[]; t[]\OT1/cmr/m/n/12 )\OMS/cmsy/m/n/12 g
 []

<<<<<<< HEAD
) [8] (./predicate_abstraction.tex
=======
<<<<<<< HEAD
) [9]
(C:\Users\Schrabauke\Desktop\UNI\repo\FMI\abgabe4\predicate_abstraction.tex
Missing character: There is no ; in font nullfont!
Missing character: There is no ; in font nullfont!

[10]
Missing character: There is no ; in font nullfont!
>>>>>>> 9262e6753c31105bfe8bd6a3b357cbfcb97337bd
Missing character: There is no ; in font nullfont!
Missing character: There is no  in font cmr12!
Missing character: There is no  in font cmr12!
Missing character: There is no  in font cmr12!
Missing character: There is no  in font cmr12!
Missing character: There is no ; in font nullfont!
<<<<<<< HEAD
 [9]
=======
>>>>>>> 9262e6753c31105bfe8bd6a3b357cbfcb97337bd
Missing character: There is no ; in font nullfont!
 [11]) [12] (C:\Users\Schrabauke\Desktop\UNI\repo\FMI\abgabe4\cbmc.tex
(C:\Users\Schrabauke\Desktop\UNI\repo\FMI\abgabe4\main.c
=======
) [9] (C:\Users\Lukas\Dropbox\Uni\FMI\git\FMI\abgabe4\predicate_abstraction.tex
Missing character: There is no ; in font nullfont!
<<<<<<< HEAD
) [10] (./cbmc.tex (./main.c
=======
Missing character: There is no ; in font nullfont!
[10]
Missing character: There is no ; in font nullfont!
Missing character: There is no ; in font nullfont!
) [11] (C:\Users\Lukas\Dropbox\Uni\FMI\git\FMI\abgabe4\cbmc.tex
(C:\Users\Lukas\Dropbox\Uni\FMI\git\FMI\abgabe4\main.c
>>>>>>> Beispiel 2b fertig
>>>>>>> 9262e6753c31105bfe8bd6a3b357cbfcb97337bd
LaTeX Font Info:    Font shape `OMS/cmr/m/n' in size <10> not available
(Font)              Font shape `OMS/cmsy/m/n' tried instead on input line 4.
LaTeX Font Info:    Try loading font information for OML+cmr on input line 16.

<<<<<<< HEAD
(C:\Schrab\Progs\MIKTex\tex\latex\base\omlcmr.fd
=======
("C:\Program Files\MiKTeX 2.9\tex\latex\base\omlcmr.fd"
>>>>>>> Beispiel 2b fertig
File: omlcmr.fd 1999/05/25 v2.5h Standard LaTeX font definitions
)
LaTeX Font Info:    Font shape `OML/cmr/m/n' in size <10> not available
(Font)              Font shape `OML/cmm/m/it' tried instead on input line 16.
<<<<<<< HEAD
)) [11] (./bisim.tex)
[12] (./block4.aux) ) 
Here is how much of TeX's memory you used:
 16643 strings out of 495059
 320304 string characters out of 3182030
 418819 words of memory out of 3000000
 19400 multiletter control sequences out of 15000+200000
 17069 words of font info for 64 fonts, out of 3000000 for 9000
 14 hyphenation exceptions out of 8191
 65i,10n,71p,452b,1124s stack positions out of 5000i,500n,10000p,200000b,50000s
</usr/share/texlive/texmf-dist/fonts/type1/public/amsfonts
/cm/cmbx10.pfb></usr/share/texlive/texmf-dist/fonts/type1/public/amsfonts/cm/cm
bx12.pfb></usr/share/texlive/texmf-dist/fonts/type1/public/amsfonts/cm/cmmi10.p
fb></usr/share/texlive/texmf-dist/fonts/type1/public/amsfonts/cm/cmmi12.pfb></u
sr/share/texlive/texmf-dist/fonts/type1/public/amsfonts/cm/cmmi8.pfb></usr/shar
e/texlive/texmf-dist/fonts/type1/public/amsfonts/cm/cmr10.pfb></usr/share/texli
ve/texmf-dist/fonts/type1/public/amsfonts/cm/cmr12.pfb></usr/share/texlive/texm
f-dist/fonts/type1/public/amsfonts/cm/cmr7.pfb></usr/share/texlive/texmf-dist/f
onts/type1/public/amsfonts/cm/cmr8.pfb></usr/share/texlive/texmf-dist/fonts/typ
e1/public/amsfonts/cm/cmss12.pfb></usr/share/texlive/texmf-dist/fonts/type1/pub
lic/amsfonts/cm/cmssbx10.pfb></usr/share/texlive/texmf-dist/fonts/type1/public/
amsfonts/cm/cmsy10.pfb></usr/share/texlive/texmf-dist/fonts/type1/public/amsfon
ts/cm/cmsy8.pfb></usr/share/texlive/texmf-dist/fonts/type1/public/amsfonts/cm/c
mti12.pfb></usr/share/texlive/texmf-dist/fonts/type1/public/amsfonts/cm/cmtt12.
pfb>
Output written on block4.pdf (12 pages, 222901 bytes).
=======
<<<<<<< HEAD
)) [13]
(C:\Users\Schrabauke\Desktop\UNI\repo\FMI\abgabe4\bisim.tex) [14]
(C:\Users\Schrabauke\Desktop\UNI\repo\FMI\abgabe4\block4.aux) ) 
Here is how much of TeX's memory you used:
 16205 strings out of 494045
 314142 string characters out of 3150387
 416914 words of memory out of 3000000
 19102 multiletter control sequences out of 15000+200000
 16187 words of font info for 61 fonts, out of 3000000 for 9000
 715 hyphenation exceptions out of 8191
 65i,10n,71p,501b,1124s stack positions out of 5000i,500n,10000p,200000b,50000s
<C:/Schrab/Progs
/MIKTex/fonts/type1/public/amsfonts/cm/cmbx10.pfb><C:/Schrab/Progs/MIKTex/fonts
/type1/public/amsfonts/cm/cmbx12.pfb><C:/Schrab/Progs/MIKTex/fonts/type1/public
/amsfonts/cm/cmmi10.pfb><C:/Schrab/Progs/MIKTex/fonts/type1/public/amsfonts/cm/
cmmi12.pfb><C:/Schrab/Progs/MIKTex/fonts/type1/public/amsfonts/cm/cmmi8.pfb><C:
/Schrab/Progs/MIKTex/fonts/type1/public/amsfonts/cm/cmr10.pfb><C:/Schrab/Progs/
MIKTex/fonts/type1/public/amsfonts/cm/cmr12.pfb><C:/Schrab/Progs/MIKTex/fonts/t
ype1/public/amsfonts/cm/cmr7.pfb><C:/Schrab/Progs/MIKTex/fonts/type1/public/ams
fonts/cm/cmr8.pfb><C:/Schrab/Progs/MIKTex/fonts/type1/public/amsfonts/cm/cmss12
.pfb><C:/Schrab/Progs/MIKTex/fonts/type1/public/amsfonts/cm/cmsy10.pfb><C:/Schr
ab/Progs/MIKTex/fonts/type1/public/amsfonts/cm/cmsy8.pfb><C:/Schrab/Progs/MIKTe
x/fonts/type1/public/amsfonts/cm/cmti12.pfb><C:/Schrab/Progs/MIKTex/fonts/type1
/public/amsfonts/cm/cmtt12.pfb>
Output written on block4.pdf (14 pages, 230926 bytes).
PDF statistics:
 107 PDF objects out of 1000 (max. 8388607)
=======
)) [12]
(C:\Users\Lukas\Dropbox\Uni\FMI\git\FMI\abgabe4\bisim.tex) [13]
(C:\Users\Lukas\Dropbox\Uni\FMI\git\FMI\abgabe4\block4.aux) ) 
Here is how much of TeX's memory you used:
 16366 strings out of 494045
 319784 string characters out of 3148387
 413210 words of memory out of 3000000
 19260 multiletter control sequences out of 15000+200000
 16187 words of font info for 61 fonts, out of 3000000 for 9000
 715 hyphenation exceptions out of 8191
 65i,10n,71p,499b,1124s stack positions out of 5000i,500n,10000p,200000b,50000s
<C:/Program Files/
MiKTeX 2.9/fonts/type1/public/amsfonts/cm/cmbx10.pfb><C:/Program Files/MiKTeX 2
.9/fonts/type1/public/amsfonts/cm/cmbx12.pfb><C:/Program Files/MiKTeX 2.9/fonts
/type1/public/amsfonts/cm/cmmi10.pfb><C:/Program Files/MiKTeX 2.9/fonts/type1/p
ublic/amsfonts/cm/cmmi12.pfb><C:/Program Files/MiKTeX 2.9/fonts/type1/public/am
sfonts/cm/cmmi8.pfb><C:/Program Files/MiKTeX 2.9/fonts/type1/public/amsfonts/cm
/cmr10.pfb><C:/Program Files/MiKTeX 2.9/fonts/type1/public/amsfonts/cm/cmr12.pf
b><C:/Program Files/MiKTeX 2.9/fonts/type1/public/amsfonts/cm/cmr7.pfb><C:/Prog
ram Files/MiKTeX 2.9/fonts/type1/public/amsfonts/cm/cmr8.pfb><C:/Program Files/
MiKTeX 2.9/fonts/type1/public/amsfonts/cm/cmss12.pfb><C:/Program Files/MiKTeX 2
.9/fonts/type1/public/amsfonts/cm/cmsy10.pfb><C:/Program Files/MiKTeX 2.9/fonts
/type1/public/amsfonts/cm/cmsy8.pfb><C:/Program Files/MiKTeX 2.9/fonts/type1/pu
blic/amsfonts/cm/cmti12.pfb><C:/Program Files/MiKTeX 2.9/fonts/type1/public/ams
fonts/cm/cmtt12.pfb><C:/Program Files/MiKTeX 2.9/fonts/type1/public/amsfonts/sy
mbols/msam10.pfb><C:/Program Files/MiKTeX 2.9/fonts/type1/public/amsfonts/symbo
ls/msbm10.pfb>
Output written on block4.pdf (13 pages, 236520 bytes).
>>>>>>> 9262e6753c31105bfe8bd6a3b357cbfcb97337bd
PDF statistics:
 112 PDF objects out of 1000 (max. 8388607)
>>>>>>> Beispiel 2b fertig
 0 named destinations out of 1000 (max. 500000)
 13 words of extra memory for PDF output out of 10000 (max. 10000000)

