This is pdfTeX, Version 3.1415926-2.3-1.40.12 (MiKTeX 2.9) (preloaded format=pdflatex 2012.3.27)  29 MAR 2012 15:14
entering extended mode
**C:/Users/Schrabauke/Desktop/UNI/FMI/fmi-ss12-b1.tex
(C:/Users/Schrabauke/Desktop/UNI/FMI/fmi-ss12-b1.tex
LaTeX2e <2011/06/27>
Babel <v3.8m> and hyphenation patterns for english, afrikaans, ancientgreek, ar
abic, armenian, assamese, basque, bengali, bokmal, bulgarian, catalan, coptic, 
croatian, czech, danish, dutch, esperanto, estonian, farsi, finnish, french, ga
lician, german, german-x-2009-06-19, greek, gujarati, hindi, hungarian, iceland
ic, indonesian, interlingua, irish, italian, kannada, kurmanji, lao, latin, lat
vian, lithuanian, malayalam, marathi, mongolian, mongolianlmc, monogreek, ngerm
an, ngerman-x-2009-06-19, nynorsk, oriya, panjabi, pinyin, polish, portuguese, 
romanian, russian, sanskrit, serbian, slovak, slovenian, spanish, swedish, swis
sgerman, tamil, telugu, turkish, turkmen, ukenglish, ukrainian, uppersorbian, u
senglishmax, welsh, loaded.
(C:\Schrab\Progs\MIKTex\tex\latex\base\article.cls
Document Class: article 2007/10/19 v1.4h Standard LaTeX document class
(C:\Schrab\Progs\MIKTex\tex\latex\base\size11.clo
File: size11.clo 2007/10/19 v1.4h Standard LaTeX file (size option)
)
\c@part=\count79
\c@section=\count80
\c@subsection=\count81
\c@subsubsection=\count82
\c@paragraph=\count83
\c@subparagraph=\count84
\c@figure=\count85
\c@table=\count86
\abovecaptionskip=\skip41
\belowcaptionskip=\skip42
\bibindent=\dimen102
)
(C:\Schrab\Progs\MIKTex\tex\latex\base\latexsym.sty
Package: latexsym 1998/08/17 v2.2e Standard LaTeX package (lasy symbols)
\symlasy=\mathgroup4
LaTeX Font Info:    Overwriting symbol font `lasy' in version `bold'
(Font)                  U/lasy/m/n --> U/lasy/b/n on input line 47.
)
(C:\Schrab\Progs\MIKTex\tex\latex\amsfonts\amssymb.sty
Package: amssymb 2009/06/22 v3.00

(C:\Schrab\Progs\MIKTex\tex\latex\amsfonts\amsfonts.sty
Package: amsfonts 2009/06/22 v3.00 Basic AMSFonts support
\@emptytoks=\toks14
\symAMSa=\mathgroup5
\symAMSb=\mathgroup6
LaTeX Font Info:    Overwriting math alphabet `\mathfrak' in version `bold'
(Font)                  U/euf/m/n --> U/euf/b/n on input line 96.
))
(C:\Schrab\Progs\MIKTex\tex\latex\graphics\epsfig.sty
Package: epsfig 1999/02/16 v1.7a (e)psfig emulation (SPQR)

(C:\Schrab\Progs\MIKTex\tex\latex\graphics\graphicx.sty
Package: graphicx 1999/02/16 v1.0f Enhanced LaTeX Graphics (DPC,SPQR)

(C:\Schrab\Progs\MIKTex\tex\latex\graphics\keyval.sty
Package: keyval 1999/03/16 v1.13 key=value parser (DPC)
\KV@toks@=\toks15
)
(C:\Schrab\Progs\MIKTex\tex\latex\graphics\graphics.sty
Package: graphics 2009/02/05 v1.0o Standard LaTeX Graphics (DPC,SPQR)

(C:\Schrab\Progs\MIKTex\tex\latex\graphics\trig.sty
Package: trig 1999/03/16 v1.09 sin cos tan (DPC)
)
(C:\Schrab\Progs\MIKTex\tex\latex\00miktex\graphics.cfg
File: graphics.cfg 2007/01/18 v1.5 graphics configuration of teTeX/TeXLive
)
Package graphics Info: Driver file: pdftex.def on input line 91.

(C:\Schrab\Progs\MIKTex\tex\latex\pdftex-def\pdftex.def
File: pdftex.def 2011/05/27 v0.06d Graphics/color for pdfTeX

(C:\Schrab\Progs\MIKTex\tex\generic\oberdiek\infwarerr.sty
Package: infwarerr 2010/04/08 v1.3 Providing info/warning/message (HO)
)
(C:\Schrab\Progs\MIKTex\tex\generic\oberdiek\ltxcmds.sty
Package: ltxcmds 2011/04/18 v1.20 LaTeX kernel commands for general use (HO)
)
\Gread@gobject=\count87
))
\Gin@req@height=\dimen103
\Gin@req@width=\dimen104
)
\epsfxsize=\dimen105
\epsfysize=\dimen106
)
(C:\Schrab\Progs\MIKTex\tex\latex\tools\enumerate.sty
Package: enumerate 1999/03/05 v3.00 enumerate extensions (DPC)
\@enLab=\toks16
)
(C:\Schrab\Progs\MIKTex\tex\latex\tools\xspace.sty
Package: xspace 2009/10/20 v1.13 Space after command names (DPC,MH)
)
(C:\Schrab\Progs\MIKTex\tex\latex\algorithms\algorithm.sty
Package: algorithm 2009/08/24 v0.1 Document Style `algorithm' - floating enviro
nment

(C:\Schrab\Progs\MIKTex\tex\latex\float\float.sty
Package: float 2001/11/08 v1.3d Float enhancements (AL)
\c@float@type=\count88
\float@exts=\toks17
\float@box=\box26
\@float@everytoks=\toks18
\@floatcapt=\box27
)
(C:\Schrab\Progs\MIKTex\tex\latex\base\ifthen.sty
Package: ifthen 2001/05/26 v1.1c Standard LaTeX ifthen package (DPC)
)
\@float@every@algorithm=\toks19
\c@algorithm=\count89
)
(C:\Schrab\Progs\MIKTex\tex\latex\algorithmicx\algpseudocode.sty
Package: algpseudocode 

(C:\Schrab\Progs\MIKTex\tex\latex\algorithmicx\algorithmicx.sty
Package: algorithmicx 2005/04/27 v1.2 Algorithmicx

Document Style algorithmicx 1.2 - a greatly improved `algorithmic' style
\c@ALG@line=\count90
\c@ALG@rem=\count91
\c@ALG@nested=\count92
\ALG@tlm=\skip43
\ALG@thistlm=\skip44
\c@ALG@Lnr=\count93
\c@ALG@blocknr=\count94
\c@ALG@storecount=\count95
\c@ALG@tmpcounter=\count96
\ALG@tmplength=\skip45
)
Document Style - pseudocode environments for use with the `algorithmicx' style
) (C:\Schrab\Progs\MIKTex\tex\latex\listings\listings.sty
\lst@mode=\count97
\lst@gtempboxa=\box28
\lst@token=\toks20
\lst@length=\count98
\lst@currlwidth=\dimen107
\lst@column=\count99
\lst@pos=\count100
\lst@lostspace=\dimen108
\lst@width=\dimen109
\lst@newlines=\count101
\lst@lineno=\count102
\lst@maxwidth=\dimen110

(C:\Schrab\Progs\MIKTex\tex\latex\listings\lstmisc.sty
File: lstmisc.sty 2007/02/22 1.4 (Carsten Heinz)
\c@lstnumber=\count103
\lst@skipnumbers=\count104
\lst@framebox=\box29
)
(C:\Schrab\Progs\MIKTex\tex\latex\listings\listings.cfg
File: listings.cfg 2007/02/22 1.4 listings configuration
))
Package: listings 2007/02/22 1.4 (Carsten Heinz)
\c@theorem=\count105

(C:\Users\Schrabauke\Desktop\UNI\FMI\fmi-ss12-b1.aux)
LaTeX Font Info:    Checking defaults for OML/cmm/m/it on input line 122.
LaTeX Font Info:    ... okay on input line 122.
LaTeX Font Info:    Checking defaults for T1/cmr/m/n on input line 122.
LaTeX Font Info:    ... okay on input line 122.
LaTeX Font Info:    Checking defaults for OT1/cmr/m/n on input line 122.
LaTeX Font Info:    ... okay on input line 122.
LaTeX Font Info:    Checking defaults for OMS/cmsy/m/n on input line 122.
LaTeX Font Info:    ... okay on input line 122.
LaTeX Font Info:    Checking defaults for OMX/cmex/m/n on input line 122.
LaTeX Font Info:    ... okay on input line 122.
LaTeX Font Info:    Checking defaults for U/cmr/m/n on input line 122.
LaTeX Font Info:    ... okay on input line 122.

(C:\Schrab\Progs\MIKTex\tex\context\base\supp-pdf.mkii
[Loading MPS to PDF converter (version 2006.09.02).]
\scratchcounter=\count106
\scratchdimen=\dimen111
\scratchbox=\box30
\nofMPsegments=\count107
\nofMParguments=\count108
\everyMPshowfont=\toks21
\MPscratchCnt=\count109
\MPscratchDim=\dimen112
\MPnumerator=\count110
\makeMPintoPDFobject=\count111
\everyMPtoPDFconversion=\toks22
)
\c@lstlisting=\count112
LaTeX Font Info:    Try loading font information for U+lasy on input line 125.
 (C:\Schrab\Progs\MIKTex\tex\latex\base\ulasy.fd
File: ulasy.fd 1998/08/17 v2.2e LaTeX symbol font definitions
)
LaTeX Font Info:    Try loading font information for U+msa on input line 125.

(C:\Schrab\Progs\MIKTex\tex\latex\amsfonts\umsa.fd
File: umsa.fd 2009/06/22 v3.00 AMS symbols A
)
LaTeX Font Info:    Try loading font information for U+msb on input line 125.

(C:\Schrab\Progs\MIKTex\tex\latex\amsfonts\umsb.fd
File: umsb.fd 2009/06/22 v3.00 AMS symbols B
) [1

{C:/ProgramData/MiKTeX/2.9/pdftex/config/pdftex.map}]
LaTeX Font Info:    Try loading font information for OMS+cmr on input line 213.

 (C:\Schrab\Progs\MIKTex\tex\latex\base\omscmr.fd
File: omscmr.fd 1999/05/25 v2.5h Standard LaTeX font definitions
)
LaTeX Font Info:    Font shape `OMS/cmr/m/n' in size <10.95> not available
(Font)              Font shape `OMS/cmsy/m/n' tried instead on input line 213.

Overfull \hbox (23.10538pt too wide) in paragraph at lines 255--256
\OT1/cmr/m/it/10.95 In the \OT1/cmr/bx/it/10.95 SUB-SET SUM \OT1/cmr/m/it/10.95
 prob-lem we are given a fi-nite set of in-te-ger num-bers $\OML/cmm/m/it/10.95
 S \OT1/cmr/m/n/10.95 = \OMS/cmsy/m/n/10.95 f\OML/cmm/m/it/10.95 a[]; a[]; [] ;
 a[]\OMS/cmsy/m/n/10.95 g$
 []

[2] [3] [4] [5] (C:\Users\Schrabauke\Desktop\UNI\FMI\fmi-ss12-b1.aux) ) 
Here is how much of TeX's memory you used:
 3442 strings out of 494045
 46872 string characters out of 3150387
 104863 words of memory out of 3000000
 6701 multiletter control sequences out of 15000+200000
 13252 words of font info for 52 fonts, out of 3000000 for 9000
 715 hyphenation exceptions out of 8191
 34i,7n,32p,488b,270s stack positions out of 5000i,500n,10000p,200000b,50000s
<C:/Schr
ab/Progs/MIKTex/fonts/type1/public/amsfonts/cm/cmbx10.pfb><C:/Schrab/Progs/MIKT
ex/fonts/type1/public/amsfonts/cm/cmbxti10.pfb><C:/Schrab/Progs/MIKTex/fonts/ty
pe1/public/amsfonts/cm/cmcsc10.pfb><C:/Schrab/Progs/MIKTex/fonts/type1/public/a
msfonts/cm/cmex10.pfb><C:/Schrab/Progs/MIKTex/fonts/type1/public/amsfonts/cm/cm
mi10.pfb><C:/Schrab/Progs/MIKTex/fonts/type1/public/amsfonts/cm/cmmi8.pfb><C:/S
chrab/Progs/MIKTex/fonts/type1/public/amsfonts/cm/cmr10.pfb><C:/Schrab/Progs/MI
KTex/fonts/type1/public/amsfonts/cm/cmr12.pfb><C:/Schrab/Progs/MIKTex/fonts/typ
e1/public/amsfonts/cm/cmr17.pfb><C:/Schrab/Progs/MIKTex/fonts/type1/public/amsf
onts/cm/cmr8.pfb><C:/Schrab/Progs/MIKTex/fonts/type1/public/amsfonts/cm/cmss10.
pfb><C:/Schrab/Progs/MIKTex/fonts/type1/public/amsfonts/cm/cmsy10.pfb><C:/Schra
b/Progs/MIKTex/fonts/type1/public/amsfonts/cm/cmsy8.pfb><C:/Schrab/Progs/MIKTex
/fonts/type1/public/amsfonts/cm/cmti10.pfb><C:/Schrab/Progs/MIKTex/fonts/type1/
public/amsfonts/cm/cmtt8.pfb>
Output written on fmi-ss12-b1.pdf (5 pages, 191589 bytes).
PDF statistics:
 78 PDF objects out of 1000 (max. 8388607)
 0 named destinations out of 1000 (max. 500000)
 1 words of extra memory for PDF output out of 10000 (max. 10000000)

